[debug] [2021-09-20T13:11:45.896Z] ----------------------------------------------------------------------
[debug] [2021-09-20T13:11:45.899Z] Command:       C:\Program Files\nodejs\node.exe C:\Users\mnt\AppData\Roaming\npm\node_modules\firebase-tools\lib\bin\firebase.js deploy
[debug] [2021-09-20T13:11:45.899Z] CLI Version:   9.5.0
[debug] [2021-09-20T13:11:45.900Z] Platform:      win32
[debug] [2021-09-20T13:11:45.900Z] Node Version:  v12.19.0
[debug] [2021-09-20T13:11:45.901Z] Time:          Mon Sep 20 2021 16:11:45 GMT+0300 (Eastern European Summer Time)
[debug] [2021-09-20T13:11:45.901Z] ----------------------------------------------------------------------
[debug] [2021-09-20T13:11:45.901Z] 
[debug] [2021-09-20T13:11:45.915Z] > command requires scopes: ["email","openid","https://www.googleapis.com/auth/cloudplatformprojects.readonly","https://www.googleapis.com/auth/firebase","https://www.googleapis.com/auth/cloud-platform"]
[debug] [2021-09-20T13:11:45.916Z] > authorizing via signed-in user
[debug] [2021-09-20T13:11:45.916Z] [iam] checking project dreamwheelsla for permissions ["cloudfunctions.functions.create","cloudfunctions.functions.delete","cloudfunctions.functions.get","cloudfunctions.functions.list","cloudfunctions.functions.update","cloudfunctions.operations.get","firebase.projects.get","firebasehosting.sites.update"]
[debug] [2021-09-20T13:11:45.919Z] > refreshing access token with scopes: ["email","https://www.googleapis.com/auth/cloud-platform","https://www.googleapis.com/auth/cloudplatformprojects.readonly","https://www.googleapis.com/auth/firebase","openid"]
[debug] [2021-09-20T13:11:45.920Z] >>> HTTP REQUEST POST https://www.googleapis.com/oauth2/v3/token  
 <request body omitted>
[debug] [2021-09-20T13:11:46.172Z] <<< HTTP RESPONSE 200 {"pragma":"no-cache","expires":"Mon, 01 Jan 1990 00:00:00 GMT","cache-control":"no-cache, no-store, max-age=0, must-revalidate","date":"Mon, 20 Sep 2021 13:11:46 GMT","content-type":"application/json; charset=utf-8","vary":"X-Origin, Referer, Origin,Accept-Encoding","server":"scaffolding on HTTPServer2","x-xss-protection":"0","x-frame-options":"SAMEORIGIN","x-content-type-options":"nosniff","alt-svc":"h3=\":443\"; ma=2592000,h3-29=\":443\"; ma=2592000,h3-T051=\":443\"; ma=2592000,h3-Q050=\":443\"; ma=2592000,h3-Q046=\":443\"; ma=2592000,h3-Q043=\":443\"; ma=2592000,quic=\":443\"; ma=2592000; v=\"46,43\"","accept-ranges":"none","transfer-encoding":"chunked"}
[debug] [2021-09-20T13:11:46.192Z] >>> HTTP REQUEST POST https://cloudresourcemanager.googleapis.com/v1/projects/dreamwheelsla:testIamPermissions  
 {"permissions":["cloudfunctions.functions.create","cloudfunctions.functions.delete","cloudfunctions.functions.get","cloudfunctions.functions.list","cloudfunctions.functions.update","cloudfunctions.operations.get","firebase.projects.get","firebasehosting.sites.update"]}
[debug] [2021-09-20T13:11:47.088Z] <<< HTTP RESPONSE 200 {"content-type":"application/json; charset=UTF-8","vary":"X-Origin, Referer, Origin,Accept-Encoding","date":"Mon, 20 Sep 2021 13:11:47 GMT","server":"ESF","cache-control":"private","x-xss-protection":"0","x-frame-options":"SAMEORIGIN","x-content-type-options":"nosniff","server-timing":"gfet4t7; dur=707","alt-svc":"h3=\":443\"; ma=2592000,h3-29=\":443\"; ma=2592000,h3-T051=\":443\"; ma=2592000,h3-Q050=\":443\"; ma=2592000,h3-Q046=\":443\"; ma=2592000,h3-Q043=\":443\"; ma=2592000,quic=\":443\"; ma=2592000; v=\"46,43\"","accept-ranges":"none","transfer-encoding":"chunked"}
[debug] [2021-09-20T13:11:47.091Z] >>> HTTP REQUEST POST https://iam.googleapis.com/v1/projects/dreamwheelsla/serviceAccounts/dreamwheelsla@appspot.gserviceaccount.com:testIamPermissions  
 {"permissions":["iam.serviceAccounts.actAs"]}
[debug] [2021-09-20T13:11:47.874Z] <<< HTTP RESPONSE 200 {"content-type":"application/json; charset=UTF-8","vary":"X-Origin, Referer, Origin,Accept-Encoding","date":"Mon, 20 Sep 2021 13:11:48 GMT","server":"ESF","cache-control":"private","x-xss-protection":"0","x-frame-options":"SAMEORIGIN","x-content-type-options":"nosniff","alt-svc":"h3=\":443\"; ma=2592000,h3-29=\":443\"; ma=2592000,h3-T051=\":443\"; ma=2592000,h3-Q050=\":443\"; ma=2592000,h3-Q046=\":443\"; ma=2592000,h3-Q043=\":443\"; ma=2592000,quic=\":443\"; ma=2592000; v=\"46,43\"","accept-ranges":"none","transfer-encoding":"chunked"}
[debug] [2021-09-20T13:11:47.878Z] > refreshing access token with scopes: []
[debug] [2021-09-20T13:11:47.879Z] >>> HTTP REQUEST POST https://www.googleapis.com/oauth2/v3/token  
 <request body omitted>
[debug] [2021-09-20T13:11:48.073Z] <<< HTTP RESPONSE 200 {"cache-control":"no-cache, no-store, max-age=0, must-revalidate","expires":"Mon, 01 Jan 1990 00:00:00 GMT","date":"Mon, 20 Sep 2021 13:11:48 GMT","pragma":"no-cache","content-type":"application/json; charset=utf-8","vary":"X-Origin, Referer, Origin,Accept-Encoding","server":"scaffolding on HTTPServer2","x-xss-protection":"0","x-frame-options":"SAMEORIGIN","x-content-type-options":"nosniff","alt-svc":"h3=\":443\"; ma=2592000,h3-29=\":443\"; ma=2592000,h3-T051=\":443\"; ma=2592000,h3-Q050=\":443\"; ma=2592000,h3-Q046=\":443\"; ma=2592000,h3-Q043=\":443\"; ma=2592000,quic=\":443\"; ma=2592000; v=\"46,43\"","accept-ranges":"none","transfer-encoding":"chunked"}
[debug] [2021-09-20T13:11:48.089Z] >>> [apiv2][query] GET https://firebase.googleapis.com/v1beta1/projects/dreamwheelsla [none]
[debug] [2021-09-20T13:11:48.419Z] <<< [apiv2][status] GET https://firebase.googleapis.com/v1beta1/projects/dreamwheelsla 200
[debug] [2021-09-20T13:11:48.420Z] <<< [apiv2][body] GET https://firebase.googleapis.com/v1beta1/projects/dreamwheelsla {"projectId":"dreamwheelsla","projectNumber":"112523600434","displayName":"dreamWheelsLa","name":"projects/dreamwheelsla","resources":{"hostingSite":"dreamwheelsla"},"state":"ACTIVE"}
[info] 
[info] === Deploying to 'dreamwheelsla'...
[info] 
[info] i  deploying functions, hosting 
[info] i  functions: ensuring required API cloudfunctions.googleapis.com is enabled... 
[debug] [2021-09-20T13:11:56.414Z] > refreshing access token with scopes: ["email","https://www.googleapis.com/auth/cloud-platform","https://www.googleapis.com/auth/cloudplatformprojects.readonly","https://www.googleapis.com/auth/firebase","openid"]
[debug] [2021-09-20T13:11:56.415Z] >>> HTTP REQUEST POST https://www.googleapis.com/oauth2/v3/token  
 <request body omitted>
[debug] [2021-09-20T13:11:56.415Z] > refreshing access token with scopes: ["email","https://www.googleapis.com/auth/cloud-platform","https://www.googleapis.com/auth/cloudplatformprojects.readonly","https://www.googleapis.com/auth/firebase","openid"]
[debug] [2021-09-20T13:11:56.415Z] >>> HTTP REQUEST POST https://www.googleapis.com/oauth2/v3/token  
 <request body omitted>
[info] i  functions: ensuring required API cloudbuild.googleapis.com is enabled... 
[debug] [2021-09-20T13:11:56.416Z] > refreshing access token with scopes: ["email","https://www.googleapis.com/auth/cloud-platform","https://www.googleapis.com/auth/cloudplatformprojects.readonly","https://www.googleapis.com/auth/firebase","openid"]
[debug] [2021-09-20T13:11:56.416Z] >>> HTTP REQUEST POST https://www.googleapis.com/oauth2/v3/token  
 <request body omitted>
[debug] [2021-09-20T13:11:56.609Z] <<< HTTP RESPONSE 200 {"cache-control":"no-cache, no-store, max-age=0, must-revalidate","date":"Mon, 20 Sep 2021 13:11:57 GMT","expires":"Mon, 01 Jan 1990 00:00:00 GMT","pragma":"no-cache","content-type":"application/json; charset=utf-8","vary":"X-Origin, Referer, Origin,Accept-Encoding","server":"scaffolding on HTTPServer2","x-xss-protection":"0","x-frame-options":"SAMEORIGIN","x-content-type-options":"nosniff","alt-svc":"h3=\":443\"; ma=2592000,h3-29=\":443\"; ma=2592000,h3-T051=\":443\"; ma=2592000,h3-Q050=\":443\"; ma=2592000,h3-Q046=\":443\"; ma=2592000,h3-Q043=\":443\"; ma=2592000,quic=\":443\"; ma=2592000; v=\"46,43\"","accept-ranges":"none","transfer-encoding":"chunked"}
[debug] [2021-09-20T13:11:56.616Z] >>> HTTP REQUEST GET https://serviceusage.googleapis.com/v1/projects/dreamwheelsla/services/runtimeconfig.googleapis.com  
 
[debug] [2021-09-20T13:11:56.618Z] <<< HTTP RESPONSE 200 {"expires":"Mon, 01 Jan 1990 00:00:00 GMT","date":"Mon, 20 Sep 2021 13:11:57 GMT","cache-control":"no-cache, no-store, max-age=0, must-revalidate","pragma":"no-cache","content-type":"application/json; charset=utf-8","vary":"X-Origin, Referer, Origin,Accept-Encoding","server":"scaffolding on HTTPServer2","x-xss-protection":"0","x-frame-options":"SAMEORIGIN","x-content-type-options":"nosniff","alt-svc":"h3=\":443\"; ma=2592000,h3-29=\":443\"; ma=2592000,h3-T051=\":443\"; ma=2592000,h3-Q050=\":443\"; ma=2592000,h3-Q046=\":443\"; ma=2592000,h3-Q043=\":443\"; ma=2592000,quic=\":443\"; ma=2592000; v=\"46,43\"","accept-ranges":"none","transfer-encoding":"chunked"}
[debug] [2021-09-20T13:11:56.625Z] >>> HTTP REQUEST GET https://serviceusage.googleapis.com/v1/projects/dreamwheelsla/services/cloudbuild.googleapis.com  
 
[debug] [2021-09-20T13:11:56.626Z] <<< HTTP RESPONSE 200 {"pragma":"no-cache","expires":"Mon, 01 Jan 1990 00:00:00 GMT","date":"Mon, 20 Sep 2021 13:11:57 GMT","cache-control":"no-cache, no-store, max-age=0, must-revalidate","content-type":"application/json; charset=utf-8","vary":"X-Origin, Referer, Origin,Accept-Encoding","server":"scaffolding on HTTPServer2","x-xss-protection":"0","x-frame-options":"SAMEORIGIN","x-content-type-options":"nosniff","alt-svc":"h3=\":443\"; ma=2592000,h3-29=\":443\"; ma=2592000,h3-T051=\":443\"; ma=2592000,h3-Q050=\":443\"; ma=2592000,h3-Q046=\":443\"; ma=2592000,h3-Q043=\":443\"; ma=2592000,quic=\":443\"; ma=2592000; v=\"46,43\"","accept-ranges":"none","transfer-encoding":"chunked"}
[debug] [2021-09-20T13:11:56.632Z] >>> HTTP REQUEST GET https://serviceusage.googleapis.com/v1/projects/dreamwheelsla/services/cloudfunctions.googleapis.com  
 
[debug] [2021-09-20T13:11:57.682Z] <<< HTTP RESPONSE 200 {"content-type":"application/json; charset=UTF-8","vary":"X-Origin, Referer, Origin,Accept-Encoding","date":"Mon, 20 Sep 2021 13:11:58 GMT","server":"ESF","cache-control":"private","x-xss-protection":"0","x-frame-options":"SAMEORIGIN","x-content-type-options":"nosniff","alt-svc":"h3=\":443\"; ma=2592000,h3-29=\":443\"; ma=2592000,h3-T051=\":443\"; ma=2592000,h3-Q050=\":443\"; ma=2592000,h3-Q046=\":443\"; ma=2592000,h3-Q043=\":443\"; ma=2592000,quic=\":443\"; ma=2592000; v=\"46,43\"","accept-ranges":"none","transfer-encoding":"chunked"}
[debug] [2021-09-20T13:11:57.751Z] <<< HTTP RESPONSE 200 {"content-type":"application/json; charset=UTF-8","vary":"X-Origin, Referer, Origin,Accept-Encoding","date":"Mon, 20 Sep 2021 13:11:58 GMT","server":"ESF","cache-control":"private","x-xss-protection":"0","x-frame-options":"SAMEORIGIN","x-content-type-options":"nosniff","alt-svc":"h3=\":443\"; ma=2592000,h3-29=\":443\"; ma=2592000,h3-T051=\":443\"; ma=2592000,h3-Q050=\":443\"; ma=2592000,h3-Q046=\":443\"; ma=2592000,h3-Q043=\":443\"; ma=2592000,quic=\":443\"; ma=2592000; v=\"46,43\"","accept-ranges":"none","transfer-encoding":"chunked"}
[info] +  functions: required API cloudbuild.googleapis.com is enabled 
[debug] [2021-09-20T13:11:57.780Z] <<< HTTP RESPONSE 200 {"content-type":"application/json; charset=UTF-8","vary":"X-Origin, Referer, Origin,Accept-Encoding","date":"Mon, 20 Sep 2021 13:11:58 GMT","server":"ESF","cache-control":"private","x-xss-protection":"0","x-frame-options":"SAMEORIGIN","x-content-type-options":"nosniff","alt-svc":"h3=\":443\"; ma=2592000,h3-29=\":443\"; ma=2592000,h3-T051=\":443\"; ma=2592000,h3-Q050=\":443\"; ma=2592000,h3-Q046=\":443\"; ma=2592000,h3-Q043=\":443\"; ma=2592000,quic=\":443\"; ma=2592000; v=\"46,43\"","accept-ranges":"none","transfer-encoding":"chunked"}
[info] +  functions: required API cloudfunctions.googleapis.com is enabled 
[debug] [2021-09-20T13:11:57.781Z] >>> HTTP REQUEST GET https://firebase.googleapis.com/v1beta1/projects/dreamwheelsla/adminSdkConfig  
 
[debug] [2021-09-20T13:11:58.136Z] <<< HTTP RESPONSE 200 {"content-type":"application/json; charset=UTF-8","vary":"X-Origin, Referer, Origin,Accept-Encoding","date":"Mon, 20 Sep 2021 13:11:58 GMT","server":"ESF","cache-control":"private","x-xss-protection":"0","x-frame-options":"SAMEORIGIN","x-content-type-options":"nosniff","alt-svc":"h3=\":443\"; ma=2592000,h3-29=\":443\"; ma=2592000,h3-T051=\":443\"; ma=2592000,h3-Q050=\":443\"; ma=2592000,h3-Q046=\":443\"; ma=2592000,h3-Q043=\":443\"; ma=2592000,quic=\":443\"; ma=2592000; v=\"46,43\"","accept-ranges":"none","transfer-encoding":"chunked"}
[info] i  functions: preparing functions directory for uploading... 
[debug] [2021-09-20T13:11:58.138Z] >>> HTTP REQUEST GET https://runtimeconfig.googleapis.com/v1beta1/projects/dreamwheelsla/configs  
 
[debug] [2021-09-20T13:11:58.558Z] <<< HTTP RESPONSE 200 {"content-type":"application/json; charset=UTF-8","vary":"X-Origin, Referer, Origin,Accept-Encoding","date":"Mon, 20 Sep 2021 13:11:58 GMT","server":"ESF","cache-control":"private","x-xss-protection":"0","x-frame-options":"SAMEORIGIN","x-content-type-options":"nosniff","alt-svc":"h3=\":443\"; ma=2592000,h3-29=\":443\"; ma=2592000,h3-T051=\":443\"; ma=2592000,h3-Q050=\":443\"; ma=2592000,h3-Q046=\":443\"; ma=2592000,h3-Q043=\":443\"; ma=2592000,quic=\":443\"; ma=2592000; v=\"46,43\"","accept-ranges":"none","transfer-encoding":"chunked"}
[info] i  functions: packaged functions (25 KB) for uploading 
[debug] [2021-09-20T13:11:58.802Z] > [functions] package.json contents: {
  "name": "functions",
  "description": "Cloud Functions for Firebase",
  "scripts": {
    "serve": "firebase emulators:start --only functions",
    "shell": "firebase functions:shell",
    "start": "npm run shell",
    "deploy": "firebase deploy --only functions",
    "logs": "firebase functions:log"
  },
  "engines": {
    "node": "12"
  },
  "main": "index.js",
  "dependencies": {
    "cors": "^2.8.5",
    "express": "^4.17.1",
    "firebase-admin": "^9.2.0",
    "firebase-functions": "^3.11.0",
    "nodemailer": "^6.6.3"
  },
  "devDependencies": {
    "firebase-functions-test": "^0.2.0"
  },
  "private": true
}
[debug] [2021-09-20T13:11:58.803Z] >>> HTTP REQUEST POST https://firebasehosting.googleapis.com/v1beta1/sites/dreamwheelsla/versions  
 {"config":{},"labels":{"deployment-tool":"cli-firebase"}}
[debug] [2021-09-20T13:11:59.830Z] <<< HTTP RESPONSE 200 {"content-type":"application/json; charset=UTF-8","vary":"X-Origin, Referer, Origin,Accept-Encoding","date":"Mon, 20 Sep 2021 13:12:00 GMT","server":"ESF","cache-control":"private","x-xss-protection":"0","x-frame-options":"SAMEORIGIN","x-content-type-options":"nosniff","alt-svc":"h3=\":443\"; ma=2592000,h3-29=\":443\"; ma=2592000,h3-T051=\":443\"; ma=2592000,h3-Q050=\":443\"; ma=2592000,h3-Q046=\":443\"; ma=2592000,h3-Q043=\":443\"; ma=2592000,quic=\":443\"; ma=2592000; v=\"46,43\"","accept-ranges":"none","transfer-encoding":"chunked"}
[debug] [2021-09-20T13:11:59.831Z] >>> HTTP REQUEST GET https://cloudfunctions.googleapis.com/v1/projects/dreamwheelsla/locations/-/functions  
 
[debug] [2021-09-20T13:12:00.522Z] <<< HTTP RESPONSE 200 {"content-type":"application/json; charset=UTF-8","vary":"X-Origin, Referer, Origin,Accept-Encoding","date":"Mon, 20 Sep 2021 13:12:00 GMT","server":"ESF","cache-control":"private","x-xss-protection":"0","x-frame-options":"SAMEORIGIN","x-content-type-options":"nosniff","alt-svc":"h3=\":443\"; ma=2592000,h3-29=\":443\"; ma=2592000,h3-T051=\":443\"; ma=2592000,h3-Q050=\":443\"; ma=2592000,h3-Q046=\":443\"; ma=2592000,h3-Q043=\":443\"; ma=2592000,quic=\":443\"; ma=2592000; v=\"46,43\"","accept-ranges":"none","transfer-encoding":"chunked"}
[debug] [2021-09-20T13:12:00.523Z] >>> HTTP REQUEST POST https://cloudfunctions.googleapis.com/v1/projects/dreamwheelsla/locations/us-central1/functions:generateUploadUrl  
 
[debug] [2021-09-20T13:12:01.226Z] <<< HTTP RESPONSE 200 {"content-type":"application/json; charset=UTF-8","vary":"X-Origin, Referer, Origin,Accept-Encoding","date":"Mon, 20 Sep 2021 13:12:01 GMT","server":"ESF","cache-control":"private","x-xss-protection":"0","x-frame-options":"SAMEORIGIN","x-content-type-options":"nosniff","alt-svc":"h3=\":443\"; ma=2592000,h3-29=\":443\"; ma=2592000,h3-T051=\":443\"; ma=2592000,h3-Q050=\":443\"; ma=2592000,h3-Q046=\":443\"; ma=2592000,h3-Q043=\":443\"; ma=2592000,quic=\":443\"; ma=2592000; v=\"46,43\"","accept-ranges":"none","transfer-encoding":"chunked"}
[debug] [2021-09-20T13:12:01.228Z] >>> HTTP REQUEST PUT https://storage.googleapis.com/gcf-upload-us-central1-92339d42-ae8d-444a-b6d6-81bc81dc09cc/fcbbde90-0c36-4765-8b75-f77aa6f76bab.zip?GoogleAccessId=service-112523600434@gcf-admin-robot.iam.gserviceaccount.com&Expires=1632145321&Signature=WRDKnf2lHkCHc%2BIIfiNz3KBR9OiBGU4w84ZkCqM3nueOQaSbiGv0lWGG6dgrHZCRSoK2ZwRg%2BBLIufE5Uv9AMAZi7B4%2Bta08XkalPCf3G5LowmySkeV%2FUiG4Ub4nSgYjy4G3bHvkwGYb1jX24LQrLKg9azpvnshsVvFZ9%2BMPL7DW0NXkhBq5kvJKdf1hw%2BTBliWS%2FbbE4RxZF9sZfYAYm8hxyNEVDAuk%2F0wZuF64v%2BymqONRxO1J%2FASTBrYZzAit4afdBT1Rxcn7ygYR2F44zKFpnNfL2eQ%2FGkXyN8hT8XcSkzxgBYcahedhzZ%2Bmq%2F8SFQ6MUnvYnP%2BRAyz8iRYVMw%3D%3D  
 <request body omitted>
[debug] [2021-09-20T13:12:01.604Z] <<< HTTP RESPONSE 200 {"x-guploader-uploadid":"ADPycdsLN422z0D_WsI0ocsPd2XHOANhL639rlwtJt37eivUHO9jDljTJrg3tyyauMFThy4XaEJ6PgEa1PpXI7k0P1g","etag":"\"dc0181b9eec02cec414061958a03e0e9\"","x-goog-generation":"1632143521948228","x-goog-metageneration":"1","x-goog-hash":"crc32c=FdgFcg==, md5=3AGBue7ALOxBQGGVigPg6Q==","x-goog-stored-content-length":"25595","x-goog-stored-content-encoding":"identity","vary":"Origin","content-length":"0","date":"Mon, 20 Sep 2021 13:12:02 GMT","server":"UploadServer","content-type":"text/html; charset=UTF-8","alt-svc":"h3=\":443\"; ma=2592000,h3-29=\":443\"; ma=2592000,h3-T051=\":443\"; ma=2592000,h3-Q050=\":443\"; ma=2592000,h3-Q046=\":443\"; ma=2592000,h3-Q043=\":443\"; ma=2592000,quic=\":443\"; ma=2592000; v=\"46,43\""}
[info] +  functions: functions folder uploaded successfully 
[info] i  hosting[dreamwheelsla]: beginning deploy... 
[info] i  hosting[dreamwheelsla]: found 79 files in public 
[debug] [2021-09-20T13:12:02.062Z] > refreshing access token with scopes: []
[debug] [2021-09-20T13:12:02.062Z] >>> HTTP REQUEST POST https://www.googleapis.com/oauth2/v3/token  
 <request body omitted>
[debug] [2021-09-20T13:12:02.064Z] [hosting] hash cache [cHVibGlj] stored for 79 files
[debug] [2021-09-20T13:12:02.064Z] [hosting][hash queue][FINAL] {"max":362,"min":38,"avg":88.1012658227848,"active":0,"complete":79,"success":79,"errored":0,"retried":0,"total":79,"elapsed":426}
[debug] [2021-09-20T13:12:02.243Z] <<< HTTP RESPONSE 200 {"pragma":"no-cache","cache-control":"no-cache, no-store, max-age=0, must-revalidate","date":"Mon, 20 Sep 2021 13:12:02 GMT","expires":"Mon, 01 Jan 1990 00:00:00 GMT","content-type":"application/json; charset=utf-8","vary":"X-Origin, Referer, Origin,Accept-Encoding","server":"scaffolding on HTTPServer2","x-xss-protection":"0","x-frame-options":"SAMEORIGIN","x-content-type-options":"nosniff","alt-svc":"h3=\":443\"; ma=2592000,h3-29=\":443\"; ma=2592000,h3-T051=\":443\"; ma=2592000,h3-Q050=\":443\"; ma=2592000,h3-Q046=\":443\"; ma=2592000,h3-Q043=\":443\"; ma=2592000,quic=\":443\"; ma=2592000; v=\"46,43\"","accept-ranges":"none","transfer-encoding":"chunked"}
[debug] [2021-09-20T13:12:02.251Z] >>> [apiv2][query] POST https://firebasehosting.googleapis.com/v1beta1/sites/dreamwheelsla/versions/00b701a0b65e2ed9:populateFiles [none]
[debug] [2021-09-20T13:12:02.251Z] >>> [apiv2][body] POST https://firebasehosting.googleapis.com/v1beta1/sites/dreamwheelsla/versions/00b701a0b65e2ed9:populateFiles {"files":{"/images/hero-image.jpg":"46b50c321b39e89a491b6727a01628c34245605a30beb3e7414c5e01cff90e6e","/images/icon.png":"46b50c321b39e89a491b6727a01628c34245605a30beb3e7414c5e01cff90e6e","/app-6a6feb84b688c94f9fdf.js.LICENSE.txt":"352653f2a1ce1f685a09b0b76f7a03b94eff6234d7eb7c63321c1760f9b44830","/chunk-map.json":"5b5a2dc9c6c78cd1a5505d3a0d85a74dceb4c62062210cad169b5a6eaedcf5c2","/component---src-pages-404-js-da19968e4b00979f9461.js":"fc0e4e2b4d05e73076926698b0a114e841cdf493424d767fc8f843f828ecc79a","/component---src-pages-404-js-da19968e4b00979f9461.js.map":"c0ddad61496e229ce756eb190856e4fa05362976ca75d3c6fe3d3e5dc9c21015","/b9d9ad057156eaac32b83841b0a7a3cff5c40f32-5860a47946a16bb6308c.js":"b54fc22a8153309b82d3e54a47f2098e0e4f5cda18e634d80d1eb580b041c1d3","/component---src-pages-about-index-js-1177e80d52c89483625d.js":"bd8415cc3b3a69a18c91dcccc37c0eb015af15bdf81b75e7fe54ae760f2b49ea","/component---src-pages-about-index-js-1177e80d52c89483625d.js.map":"fb8e97de1d2da616dcde034c7979de9c9ab21dc5264d0ed6152f6c1d3cdb4e6e","/component---src-pages-contact-index-js-420aa39b662471a05102.js":"bbe3655045648afb167cc7ae092b337c68e42c3f9f621e4151e05b30a5bea036","/component---src-pages-contact-index-js-420aa39b662471a05102.js.map":"c5de0326cb45262679f36f56240d32b29f87cc2a2ea0578a60c9d5fb6c20d7ec","/component---src-pages-index-js-2011488cc4b125564a88.js":"3f5f538d82f339372ecc20d247ca8c45da00ce468d4e459381dbcb3cf673689d","/component---src-pages-our-cars-index-js-c23121840efcaad0393f.js":"8e92f30005a306de7b34ffce945afaae18d7944e832e848a441c1a88197398fd","/component---src-pages-index-js-2011488cc4b125564a88.js.map":"5927c89edf5df24d431de0bea677ffa1628c53d8bb269f285e4a2bce71500134","/component---src-pages-our-cars-index-js-c23121840efcaad0393f.js.map":"56d4660834a3359f3580783c0c081f1572cf91d2fc49532c2f8a7a1dd8c5d913","/component---src-pages-privacy-policy-index-js-2c8cfe865105822586e6.js":"d57fb3092bb245d760ad4e41329571bd658d37a51528b36328035c0cdc6a4595","/framework-cb2ee1470ac2444aa35f.js.LICENSE.txt":"0a713c7eb291b49a3d025fcbfd3320fddec347d2d1320530bf163e264adbdad7","/component---src-pages-privacy-policy-index-js-2c8cfe865105822586e6.js.map":"c5492950e42b6980e5f863a9d5bed3787bfaf9fdfc7b374d7c331c0a2b09e550","/webpack-runtime-859864568c26a000a50c.js":"221d992776b211ce63313c811adcae8576ecfe7e17131e14b2316307c39f5b0c","/webpack-runtime-859864568c26a000a50c.js.map":"f1fe43972f02ef3ca2f7f392b4f3ae13bd2a4c4f3348bdfeda9dd5946831a50c","/webpack.stats.json":"6e5a5316ae981b44d93e959960f0ff7142f12f7a3e29613e6bba20be5a669eb0","/axios-json-data/cars.json":"91801fb133e1fee5e72a7f50eaf8dbbafc8a430bec16cbec164fd291c16f82bf","/axios-json-data/index.json":"a67530988af959a12813acf57734fdfa98e1b9d6c350d1b7678f1e19e547a385","/images/baby-car.svg":"7826c19ec1c8a08067a57f469bee7150d925097649fd4174edb9368fde91e564","/images/logo2.svg":"00d3aca368ae84114bac983a51a254539756909444af48ff280b9629e3870d4e","/b9d9ad057156eaac32b83841b0a7a3cff5c40f32-5860a47946a16bb6308c.js.map":"8ab928ea8395354af17f419d2e04404345d24c3fff318df96deab500074a9b98","/polyfill-5e281c58f787d63a2359.js":"1783e5a3eec4f587a7a34985bddc72bd1c3d235712a528d0d278d4b811b9f0c2","/images/logo1.png":"b416aca9a1a63d7ff40aa2510a8a156f6938a893b7bcc935c41099b8d8117303","/framework-cb2ee1470ac2444aa35f.js":"ba46d855f69e5f7ff6f6f12a7790d8a4b3227971297064abc80c0ba65b24618d","/styles.7059eb35a91863628290.css":"66c7bcaf2431b0661dd54a76652bc2dca0abccba74b9c76e515cdd74d5670929","/404/index.html":"969a25965ffdd246630a4919dc9d25042a5b579572b7dbaeac5e505023e98e5a","/images/aceBistrolCar.jpg":"384f4df1c4bbf38b7c244fefabf68b6a0729a1fe9f927b7a6f75178b423d7268","/page-data/app-data.json":"643f7a8b0df9b05c990ef62c5ebf1f64830a4b12421aa6c6e65e72241c24a1a3","/about/index.html":"00a77b6f1668817aa8a65ad96e7fab21b55a67c2409e93c53ef3d9da70b08b3f","/page-data/404/page-data.json":"2bb5d6ea3542147af0272f80fc1cea0a874ad345789ac29bc81818bc23b74e36","/page-data/404.html/page-data.json":"87bf3e1fae227c1b541458689a50e674f6858ecbdabd503591426e6eaf84f681","/page-data/about/page-data.json":"d7db1c351523f126e616d3030f068736e4efd543e58c3b38e1f2e986547382b9","/page-data/contact/page-data.json":"2c49ab085846856324baccabd7bf1623409e2c5e88339a669535b768a845f715","/page-data/dev-404-page/page-data.json":"77fd37a9396f624cae8a62e219ac594b29bdf987cbb4c393682070a8e6b3f6af","/page-data/index/page-data.json":"44891e85836cb0132a7dbad04f86ada5223b442862d825881b4226916a0d26c9","/page-data/our-cars/page-data.json":"fec2d59a50c9b89e4e7112d3481b07259b1a6ab9ca2c4a05286802e14b13eb2d","/page-data/privacy-policy/page-data.json":"6ff7fec2360966e2e27c7c0715a345045582d5fe2517cbf1d18f4b121df23fea","/sitemap/sitemap-0.xml":"0db6388c782defa11157450953d9270347581770633faedaf00392d974eca833","/sitemap/sitemap-index.xml":"1928dbc5226b9285f79b78174994e0acf33aa3e3e304d23d6c64f2e7ad870cda","/404.html":"48171c99a7250d14a4acadaae6e8a6bced01f7ba17f46208eddc1370b388dbc0","/index.html":"52846ad9b5d247cf10c45583556dbde9f66e9063f482c8b38af6e71dd0134c0e","/static/montserrat-black-webfont-0d07138ebeaa748ad8c6ac96cfbd02b6.woff2":"78eefaa4ccec7d96070be5558c4b96f49e5bac6d4c60cf7abc3f1c4816da2bda","/static/montserrat-black-webfont-2a43c5d7f8a5fc9822b3888d81c732c4.woff":"2da44a7e8d1b04e49de3d81fd4b5ebabea87be49aff9ba2be1e3819611f57232","/static/montserrat-italic-webfont-efe914faaf502803165caec4d4c27022.woff2":"9965a2061c1273820fd83370319e8c10675d90c413cd639f3e32653ef88d9085","/static/montserrat-medium-webfont-71464f2aac38788665b5cc4067a494de.woff2":"d88c07b38209e3a02cbddb029f7d97b2b5dc28b760948e2cca4c8959c6b8f29b","/images/bmwCar.jpg":"dc16895e601c77975a582f617f70c05e071e5f63e930c9f1bf23c1556286de99","/contact/index.html":"943c4cdf9337ef6db2b5ceb5f36a1c97c3e01584bcb44b58ddff592a0eb45c58","/static/montserrat-bold-webfont-1b323d27d6626111a69aff4a7f171921.woff2":"cfd63260f62bb7438cef5fb29c2c29c0d3a12c5911ab19f2a2f96a009cd885bc","/static/montserrat-bold-webfont-982183f7e813070dbff8a10fa7766ace.woff":"ba142bafb2d8b70bfc9994283ef507db9f89d703e6b76110abbead9fdbd061d4","/static/montserrat-medium-webfont-eaec2a17a729a6012b381265032dc628.woff":"7c04fa26efdc0a19d1525c9c3e0dbd29753dfa4a3a1009cbbd64cf1e582aa700","/static/montserrat-regular-webfont-3b0e4734bca4a7049a988b974945ad97.woff":"120c7bc39b56553ce9512d1a0d2c2ad26f50707e14ddcaee3f67e253574e6db4","/static/montserrat-regular-webfont-dce3d9ca2713104872ead6bf06bf8278.woff2":"9cd8e6649061b7649712ebb08961d29b78ce2e84975abdf4337f096bfb692778","/static/montserrat-semibold-webfont-703faa540f0dec5236c958f5ab21519b.woff2":"a3f634fb753cb4d8a590ef01e5b4ad032992faea9a042ed55d43907282cae801","/static/montserrat-italic-webfont-9003bb178792b3be05c97ae731855c26.woff":"9be2484edd8c72939a25acf8499970df64d8b5f40576a9281619456ecea697da","/images/astonMartinCar.jpg":"a9848bc97186746e4a9d483f9a4124894630105ff5f441d8c9f1a165ce35d9e7","/static/montserrat-semibold-webfont-b3c89c079680569815900d3e5a5d8298.woff":"6e0193c853f0abb03df280649aa0abb63a78e7dc50a5abba4d7ed7247da2c0ae","/app-6a6feb84b688c94f9fdf.js":"c46da7eca52c9d53b99853711576c4a43fc9d28e4428822808f04c6a31eccd98","/polyfill-5e281c58f787d63a2359.js.map":"7a8b89b8e9987bbf8a1591fb4f0fa67e3289b70d3fa07a553c92b9a12379c693","/privacy-policy/index.html":"499c360adeca56ce7190acf0f81f04fe722e62f9d90962526f51fbc337e19773","/our-cars/index.html":"65ad6487e1a49c4163678b9a60316761b9137d47f5b57ab04561d5e2f8163510","/render-page.js":"8cd6a83cd5ed462ffb93ad531c155c36eda8369e06c79ef0939ff7b3fd1a8f57","/images/mgbCar.jpg":"f5c42b688aabd978dffa66bfb2f6eb4e1e7b2402c8a2cae69ef144b97e0f97e8","/render-page.js.map":"1c389b31bb037e2257c6bb3106b51ec8244771528d82a846e6fcc43e8d890ef0","/framework-cb2ee1470ac2444aa35f.js.map":"89415aec5be356000fad8549aede45b97d9cdc03a7e8202be146bdbbb4bb6144","/images/panteraCar.jpg":"9d5edbf5ff72e838bf6efc1cbc5a109576dc5f5a4071a3bd0f583487b650ebff","/images/mercedesCar.jpg":"cfe4395ac2ef9c173b353700d1ad5dd0e79058cf2fa3f955a89b7c1e164269d1","/images/falconCar.jpg":"efe8b3fd918e42b3e90c3d5ddc335017889265313787c1c9ad868892901e7d16","/images/rrCar.jpg":"c786dfa2f01c5c83bb0e5ed6e2e47c84e9ee228117c244c6acedcc2e5aa1c879","/images/alfaRomeoCar.jpg":"37bb8421e6d5eadb22e6a44c6f3951db60c275f7a4b4ff7b8b6a5aa366668db0","/static/aboutPageCoverPicture-fd261c5b2b3a9de3311e3aaafdae5f17.jpg":"f30576bbc7a8cb0169a3e09d23f520f903730ef00dfb14d0c79d09bcf34cb7cf","/app-6a6feb84b688c94f9fdf.js.map":"1bec79b6115828188ddd1df18725d282a72993a0e79b47538b1cc1735df18674","/static/ourcarsBackgroundImage-0112a5a0c99c49195122aea97ae786f4.jpg":"3722ae1b6b562022049d789f651a0afc10aac92e54fe3fce596096f3cfd79ad2","/static/hero-image-43107b04022a2507718e269b81aa7833.jpg":"d108efbb6fdf042375431b58086f719239b4b15cd473c94f634ceeb1f9c42471","/static/contactPageCoverPicture-82ba099da9e97e29a7accf91a60be6ac.jpg":"708eeebdb37a1346c39ff547136935cb233d123c0cf4d9873b9ca5c0f9ec2772"}}
[debug] [2021-09-20T13:12:03.752Z] <<< [apiv2][status] POST https://firebasehosting.googleapis.com/v1beta1/sites/dreamwheelsla/versions/00b701a0b65e2ed9:populateFiles 200
[debug] [2021-09-20T13:12:03.752Z] <<< [apiv2][body] POST https://firebasehosting.googleapis.com/v1beta1/sites/dreamwheelsla/versions/00b701a0b65e2ed9:populateFiles {"uploadRequiredHashes":["943c4cdf9337ef6db2b5ceb5f36a1c97c3e01584bcb44b58ddff592a0eb45c58","c786dfa2f01c5c83bb0e5ed6e2e47c84e9ee228117c244c6acedcc2e5aa1c879","1bec79b6115828188ddd1df18725d282a72993a0e79b47538b1cc1735df18674","b54fc22a8153309b82d3e54a47f2098e0e4f5cda18e634d80d1eb580b041c1d3","499c360adeca56ce7190acf0f81f04fe722e62f9d90962526f51fbc337e19773","3f5f538d82f339372ecc20d247ca8c45da00ce468d4e459381dbcb3cf673689d","384f4df1c4bbf38b7c244fefabf68b6a0729a1fe9f927b7a6f75178b423d7268","fb8e97de1d2da616dcde034c7979de9c9ab21dc5264d0ed6152f6c1d3cdb4e6e","48171c99a7250d14a4acadaae6e8a6bced01f7ba17f46208eddc1370b388dbc0","bd8415cc3b3a69a18c91dcccc37c0eb015af15bdf81b75e7fe54ae760f2b49ea","5927c89edf5df24d431de0bea677ffa1628c53d8bb269f285e4a2bce71500134","8e92f30005a306de7b34ffce945afaae18d7944e832e848a441c1a88197398fd","c5492950e42b6980e5f863a9d5bed3787bfaf9fdfc7b374d7c331c0a2b09e550","c46da7eca52c9d53b99853711576c4a43fc9d28e4428822808f04c6a31eccd98","37bb8421e6d5eadb22e6a44c6f3951db60c275f7a4b4ff7b8b6a5aa366668db0","52846ad9b5d247cf10c45583556dbde9f66e9063f482c8b38af6e71dd0134c0e","3722ae1b6b562022049d789f651a0afc10aac92e54fe3fce596096f3cfd79ad2","5b5a2dc9c6c78cd1a5505d3a0d85a74dceb4c62062210cad169b5a6eaedcf5c2","56d4660834a3359f3580783c0c081f1572cf91d2fc49532c2f8a7a1dd8c5d913","6e5a5316ae981b44d93e959960f0ff7142f12f7a3e29613e6bba20be5a669eb0","0db6388c782defa11157450953d9270347581770633faedaf00392d974eca833","9d5edbf5ff72e838bf6efc1cbc5a109576dc5f5a4071a3bd0f583487b650ebff","efe8b3fd918e42b3e90c3d5ddc335017889265313787c1c9ad868892901e7d16","6ff7fec2360966e2e27c7c0715a345045582d5fe2517cbf1d18f4b121df23fea","221d992776b211ce63313c811adcae8576ecfe7e17131e14b2316307c39f5b0c","00a77b6f1668817aa8a65ad96e7fab21b55a67c2409e93c53ef3d9da70b08b3f","d57fb3092bb245d760ad4e41329571bd658d37a51528b36328035c0cdc6a4595","8ab928ea8395354af17f419d2e04404345d24c3fff318df96deab500074a9b98","f1fe43972f02ef3ca2f7f392b4f3ae13bd2a4c4f3348bdfeda9dd5946831a50c","c5de0326cb45262679f36f56240d32b29f87cc2a2ea0578a60c9d5fb6c20d7ec","46b50c321b39e89a491b6727a01628c34245605a30beb3e7414c5e01cff90e6e","bbe3655045648afb167cc7ae092b337c68e42c3f9f621e4151e05b30a5bea036","f5c42b688aabd978dffa66bfb2f6eb4e1e7b2402c8a2cae69ef144b97e0f97e8","643f7a8b0df9b05c990ef62c5ebf1f64830a4b12421aa6c6e65e72241c24a1a3","cfe4395ac2ef9c173b353700d1ad5dd0e79058cf2fa3f955a89b7c1e164269d1","65ad6487e1a49c4163678b9a60316761b9137d47f5b57ab04561d5e2f8163510","66c7bcaf2431b0661dd54a76652bc2dca0abccba74b9c76e515cdd74d5670929","969a25965ffdd246630a4919dc9d25042a5b579572b7dbaeac5e505023e98e5a","dc16895e601c77975a582f617f70c05e071e5f63e930c9f1bf23c1556286de99","77fd37a9396f624cae8a62e219ac594b29bdf987cbb4c393682070a8e6b3f6af","a9848bc97186746e4a9d483f9a4124894630105ff5f441d8c9f1a165ce35d9e7","91801fb133e1fee5e72a7f50eaf8dbbafc8a430bec16cbec164fd291c16f82bf","fec2d59a50c9b89e4e7112d3481b07259b1a6ab9ca2c4a05286802e14b13eb2d"],"uploadUrl":"https://upload-firebasehosting.googleapis.com/upload/sites/dreamwheelsla/versions/00b701a0b65e2ed9/files"}
[debug] [2021-09-20T13:12:03.764Z] >>> [apiv2][query] POST https://upload-firebasehosting.googleapis.com/upload/sites/dreamwheelsla/versions/00b701a0b65e2ed9/files/943c4cdf9337ef6db2b5ceb5f36a1c97c3e01584bcb44b58ddff592a0eb45c58 [none]
[debug] [2021-09-20T13:12:03.764Z] >>> [apiv2][body] POST https://upload-firebasehosting.googleapis.com/upload/sites/dreamwheelsla/versions/00b701a0b65e2ed9/files/943c4cdf9337ef6db2b5ceb5f36a1c97c3e01584bcb44b58ddff592a0eb45c58 [stream]
[debug] [2021-09-20T13:12:03.765Z] >>> [apiv2][query] POST https://upload-firebasehosting.googleapis.com/upload/sites/dreamwheelsla/versions/00b701a0b65e2ed9/files/c786dfa2f01c5c83bb0e5ed6e2e47c84e9ee228117c244c6acedcc2e5aa1c879 [none]
[debug] [2021-09-20T13:12:03.765Z] >>> [apiv2][body] POST https://upload-firebasehosting.googleapis.com/upload/sites/dreamwheelsla/versions/00b701a0b65e2ed9/files/c786dfa2f01c5c83bb0e5ed6e2e47c84e9ee228117c244c6acedcc2e5aa1c879 [stream]
[debug] [2021-09-20T13:12:03.766Z] >>> [apiv2][query] POST https://upload-firebasehosting.googleapis.com/upload/sites/dreamwheelsla/versions/00b701a0b65e2ed9/files/1bec79b6115828188ddd1df18725d282a72993a0e79b47538b1cc1735df18674 [none]
[debug] [2021-09-20T13:12:03.767Z] >>> [apiv2][body] POST https://upload-firebasehosting.googleapis.com/upload/sites/dreamwheelsla/versions/00b701a0b65e2ed9/files/1bec79b6115828188ddd1df18725d282a72993a0e79b47538b1cc1735df18674 [stream]
[debug] [2021-09-20T13:12:03.767Z] >>> [apiv2][query] POST https://upload-firebasehosting.googleapis.com/upload/sites/dreamwheelsla/versions/00b701a0b65e2ed9/files/b54fc22a8153309b82d3e54a47f2098e0e4f5cda18e634d80d1eb580b041c1d3 [none]
[debug] [2021-09-20T13:12:03.768Z] >>> [apiv2][body] POST https://upload-firebasehosting.googleapis.com/upload/sites/dreamwheelsla/versions/00b701a0b65e2ed9/files/b54fc22a8153309b82d3e54a47f2098e0e4f5cda18e634d80d1eb580b041c1d3 [stream]
[debug] [2021-09-20T13:12:03.768Z] >>> [apiv2][query] POST https://upload-firebasehosting.googleapis.com/upload/sites/dreamwheelsla/versions/00b701a0b65e2ed9/files/499c360adeca56ce7190acf0f81f04fe722e62f9d90962526f51fbc337e19773 [none]
[debug] [2021-09-20T13:12:03.768Z] >>> [apiv2][body] POST https://upload-firebasehosting.googleapis.com/upload/sites/dreamwheelsla/versions/00b701a0b65e2ed9/files/499c360adeca56ce7190acf0f81f04fe722e62f9d90962526f51fbc337e19773 [stream]
[debug] [2021-09-20T13:12:03.769Z] >>> [apiv2][query] POST https://upload-firebasehosting.googleapis.com/upload/sites/dreamwheelsla/versions/00b701a0b65e2ed9/files/3f5f538d82f339372ecc20d247ca8c45da00ce468d4e459381dbcb3cf673689d [none]
[debug] [2021-09-20T13:12:03.769Z] >>> [apiv2][body] POST https://upload-firebasehosting.googleapis.com/upload/sites/dreamwheelsla/versions/00b701a0b65e2ed9/files/3f5f538d82f339372ecc20d247ca8c45da00ce468d4e459381dbcb3cf673689d [stream]
[debug] [2021-09-20T13:12:03.770Z] >>> [apiv2][query] POST https://upload-firebasehosting.googleapis.com/upload/sites/dreamwheelsla/versions/00b701a0b65e2ed9/files/384f4df1c4bbf38b7c244fefabf68b6a0729a1fe9f927b7a6f75178b423d7268 [none]
[debug] [2021-09-20T13:12:03.771Z] >>> [apiv2][body] POST https://upload-firebasehosting.googleapis.com/upload/sites/dreamwheelsla/versions/00b701a0b65e2ed9/files/384f4df1c4bbf38b7c244fefabf68b6a0729a1fe9f927b7a6f75178b423d7268 [stream]
[debug] [2021-09-20T13:12:03.772Z] >>> [apiv2][query] POST https://upload-firebasehosting.googleapis.com/upload/sites/dreamwheelsla/versions/00b701a0b65e2ed9/files/fb8e97de1d2da616dcde034c7979de9c9ab21dc5264d0ed6152f6c1d3cdb4e6e [none]
[debug] [2021-09-20T13:12:03.772Z] >>> [apiv2][body] POST https://upload-firebasehosting.googleapis.com/upload/sites/dreamwheelsla/versions/00b701a0b65e2ed9/files/fb8e97de1d2da616dcde034c7979de9c9ab21dc5264d0ed6152f6c1d3cdb4e6e [stream]
[debug] [2021-09-20T13:12:03.773Z] >>> [apiv2][query] POST https://upload-firebasehosting.googleapis.com/upload/sites/dreamwheelsla/versions/00b701a0b65e2ed9/files/48171c99a7250d14a4acadaae6e8a6bced01f7ba17f46208eddc1370b388dbc0 [none]
[debug] [2021-09-20T13:12:03.773Z] >>> [apiv2][body] POST https://upload-firebasehosting.googleapis.com/upload/sites/dreamwheelsla/versions/00b701a0b65e2ed9/files/48171c99a7250d14a4acadaae6e8a6bced01f7ba17f46208eddc1370b388dbc0 [stream]
[debug] [2021-09-20T13:12:03.773Z] >>> [apiv2][query] POST https://upload-firebasehosting.googleapis.com/upload/sites/dreamwheelsla/versions/00b701a0b65e2ed9/files/bd8415cc3b3a69a18c91dcccc37c0eb015af15bdf81b75e7fe54ae760f2b49ea [none]
[debug] [2021-09-20T13:12:03.773Z] >>> [apiv2][body] POST https://upload-firebasehosting.googleapis.com/upload/sites/dreamwheelsla/versions/00b701a0b65e2ed9/files/bd8415cc3b3a69a18c91dcccc37c0eb015af15bdf81b75e7fe54ae760f2b49ea [stream]
[debug] [2021-09-20T13:12:03.774Z] >>> [apiv2][query] POST https://upload-firebasehosting.googleapis.com/upload/sites/dreamwheelsla/versions/00b701a0b65e2ed9/files/5927c89edf5df24d431de0bea677ffa1628c53d8bb269f285e4a2bce71500134 [none]
[debug] [2021-09-20T13:12:03.774Z] >>> [apiv2][body] POST https://upload-firebasehosting.googleapis.com/upload/sites/dreamwheelsla/versions/00b701a0b65e2ed9/files/5927c89edf5df24d431de0bea677ffa1628c53d8bb269f285e4a2bce71500134 [stream]
[debug] [2021-09-20T13:12:03.775Z] >>> [apiv2][query] POST https://upload-firebasehosting.googleapis.com/upload/sites/dreamwheelsla/versions/00b701a0b65e2ed9/files/8e92f30005a306de7b34ffce945afaae18d7944e832e848a441c1a88197398fd [none]
[debug] [2021-09-20T13:12:03.775Z] >>> [apiv2][body] POST https://upload-firebasehosting.googleapis.com/upload/sites/dreamwheelsla/versions/00b701a0b65e2ed9/files/8e92f30005a306de7b34ffce945afaae18d7944e832e848a441c1a88197398fd [stream]
[debug] [2021-09-20T13:12:03.775Z] >>> [apiv2][query] POST https://upload-firebasehosting.googleapis.com/upload/sites/dreamwheelsla/versions/00b701a0b65e2ed9/files/c5492950e42b6980e5f863a9d5bed3787bfaf9fdfc7b374d7c331c0a2b09e550 [none]
[debug] [2021-09-20T13:12:03.776Z] >>> [apiv2][body] POST https://upload-firebasehosting.googleapis.com/upload/sites/dreamwheelsla/versions/00b701a0b65e2ed9/files/c5492950e42b6980e5f863a9d5bed3787bfaf9fdfc7b374d7c331c0a2b09e550 [stream]
[debug] [2021-09-20T13:12:03.784Z] >>> [apiv2][query] POST https://upload-firebasehosting.googleapis.com/upload/sites/dreamwheelsla/versions/00b701a0b65e2ed9/files/c46da7eca52c9d53b99853711576c4a43fc9d28e4428822808f04c6a31eccd98 [none]
[debug] [2021-09-20T13:12:03.784Z] >>> [apiv2][body] POST https://upload-firebasehosting.googleapis.com/upload/sites/dreamwheelsla/versions/00b701a0b65e2ed9/files/c46da7eca52c9d53b99853711576c4a43fc9d28e4428822808f04c6a31eccd98 [stream]
[debug] [2021-09-20T13:12:03.784Z] >>> [apiv2][query] POST https://upload-firebasehosting.googleapis.com/upload/sites/dreamwheelsla/versions/00b701a0b65e2ed9/files/37bb8421e6d5eadb22e6a44c6f3951db60c275f7a4b4ff7b8b6a5aa366668db0 [none]
[debug] [2021-09-20T13:12:03.784Z] >>> [apiv2][body] POST https://upload-firebasehosting.googleapis.com/upload/sites/dreamwheelsla/versions/00b701a0b65e2ed9/files/37bb8421e6d5eadb22e6a44c6f3951db60c275f7a4b4ff7b8b6a5aa366668db0 [stream]
[debug] [2021-09-20T13:12:03.785Z] >>> [apiv2][query] POST https://upload-firebasehosting.googleapis.com/upload/sites/dreamwheelsla/versions/00b701a0b65e2ed9/files/52846ad9b5d247cf10c45583556dbde9f66e9063f482c8b38af6e71dd0134c0e [none]
[debug] [2021-09-20T13:12:03.785Z] >>> [apiv2][body] POST https://upload-firebasehosting.googleapis.com/upload/sites/dreamwheelsla/versions/00b701a0b65e2ed9/files/52846ad9b5d247cf10c45583556dbde9f66e9063f482c8b38af6e71dd0134c0e [stream]
[debug] [2021-09-20T13:12:03.785Z] >>> [apiv2][query] POST https://upload-firebasehosting.googleapis.com/upload/sites/dreamwheelsla/versions/00b701a0b65e2ed9/files/3722ae1b6b562022049d789f651a0afc10aac92e54fe3fce596096f3cfd79ad2 [none]
[debug] [2021-09-20T13:12:03.785Z] >>> [apiv2][body] POST https://upload-firebasehosting.googleapis.com/upload/sites/dreamwheelsla/versions/00b701a0b65e2ed9/files/3722ae1b6b562022049d789f651a0afc10aac92e54fe3fce596096f3cfd79ad2 [stream]
[debug] [2021-09-20T13:12:03.786Z] >>> [apiv2][query] POST https://upload-firebasehosting.googleapis.com/upload/sites/dreamwheelsla/versions/00b701a0b65e2ed9/files/5b5a2dc9c6c78cd1a5505d3a0d85a74dceb4c62062210cad169b5a6eaedcf5c2 [none]
[debug] [2021-09-20T13:12:03.786Z] >>> [apiv2][body] POST https://upload-firebasehosting.googleapis.com/upload/sites/dreamwheelsla/versions/00b701a0b65e2ed9/files/5b5a2dc9c6c78cd1a5505d3a0d85a74dceb4c62062210cad169b5a6eaedcf5c2 [stream]
[debug] [2021-09-20T13:12:03.786Z] >>> [apiv2][query] POST https://upload-firebasehosting.googleapis.com/upload/sites/dreamwheelsla/versions/00b701a0b65e2ed9/files/56d4660834a3359f3580783c0c081f1572cf91d2fc49532c2f8a7a1dd8c5d913 [none]
[debug] [2021-09-20T13:12:03.786Z] >>> [apiv2][body] POST https://upload-firebasehosting.googleapis.com/upload/sites/dreamwheelsla/versions/00b701a0b65e2ed9/files/56d4660834a3359f3580783c0c081f1572cf91d2fc49532c2f8a7a1dd8c5d913 [stream]
[debug] [2021-09-20T13:12:03.787Z] >>> [apiv2][query] POST https://upload-firebasehosting.googleapis.com/upload/sites/dreamwheelsla/versions/00b701a0b65e2ed9/files/6e5a5316ae981b44d93e959960f0ff7142f12f7a3e29613e6bba20be5a669eb0 [none]
[debug] [2021-09-20T13:12:03.787Z] >>> [apiv2][body] POST https://upload-firebasehosting.googleapis.com/upload/sites/dreamwheelsla/versions/00b701a0b65e2ed9/files/6e5a5316ae981b44d93e959960f0ff7142f12f7a3e29613e6bba20be5a669eb0 [stream]
[debug] [2021-09-20T13:12:03.787Z] >>> [apiv2][query] POST https://upload-firebasehosting.googleapis.com/upload/sites/dreamwheelsla/versions/00b701a0b65e2ed9/files/0db6388c782defa11157450953d9270347581770633faedaf00392d974eca833 [none]
[debug] [2021-09-20T13:12:03.788Z] >>> [apiv2][body] POST https://upload-firebasehosting.googleapis.com/upload/sites/dreamwheelsla/versions/00b701a0b65e2ed9/files/0db6388c782defa11157450953d9270347581770633faedaf00392d974eca833 [stream]
[debug] [2021-09-20T13:12:03.789Z] >>> [apiv2][query] POST https://upload-firebasehosting.googleapis.com/upload/sites/dreamwheelsla/versions/00b701a0b65e2ed9/files/9d5edbf5ff72e838bf6efc1cbc5a109576dc5f5a4071a3bd0f583487b650ebff [none]
[debug] [2021-09-20T13:12:03.789Z] >>> [apiv2][body] POST https://upload-firebasehosting.googleapis.com/upload/sites/dreamwheelsla/versions/00b701a0b65e2ed9/files/9d5edbf5ff72e838bf6efc1cbc5a109576dc5f5a4071a3bd0f583487b650ebff [stream]
[debug] [2021-09-20T13:12:03.790Z] >>> [apiv2][query] POST https://upload-firebasehosting.googleapis.com/upload/sites/dreamwheelsla/versions/00b701a0b65e2ed9/files/efe8b3fd918e42b3e90c3d5ddc335017889265313787c1c9ad868892901e7d16 [none]
[debug] [2021-09-20T13:12:03.790Z] >>> [apiv2][body] POST https://upload-firebasehosting.googleapis.com/upload/sites/dreamwheelsla/versions/00b701a0b65e2ed9/files/efe8b3fd918e42b3e90c3d5ddc335017889265313787c1c9ad868892901e7d16 [stream]
[debug] [2021-09-20T13:12:03.790Z] >>> [apiv2][query] POST https://upload-firebasehosting.googleapis.com/upload/sites/dreamwheelsla/versions/00b701a0b65e2ed9/files/6ff7fec2360966e2e27c7c0715a345045582d5fe2517cbf1d18f4b121df23fea [none]
[debug] [2021-09-20T13:12:03.790Z] >>> [apiv2][body] POST https://upload-firebasehosting.googleapis.com/upload/sites/dreamwheelsla/versions/00b701a0b65e2ed9/files/6ff7fec2360966e2e27c7c0715a345045582d5fe2517cbf1d18f4b121df23fea [stream]
[debug] [2021-09-20T13:12:03.791Z] >>> [apiv2][query] POST https://upload-firebasehosting.googleapis.com/upload/sites/dreamwheelsla/versions/00b701a0b65e2ed9/files/221d992776b211ce63313c811adcae8576ecfe7e17131e14b2316307c39f5b0c [none]
[debug] [2021-09-20T13:12:03.791Z] >>> [apiv2][body] POST https://upload-firebasehosting.googleapis.com/upload/sites/dreamwheelsla/versions/00b701a0b65e2ed9/files/221d992776b211ce63313c811adcae8576ecfe7e17131e14b2316307c39f5b0c [stream]
[debug] [2021-09-20T13:12:03.791Z] >>> [apiv2][query] POST https://upload-firebasehosting.googleapis.com/upload/sites/dreamwheelsla/versions/00b701a0b65e2ed9/files/00a77b6f1668817aa8a65ad96e7fab21b55a67c2409e93c53ef3d9da70b08b3f [none]
[debug] [2021-09-20T13:12:03.791Z] >>> [apiv2][body] POST https://upload-firebasehosting.googleapis.com/upload/sites/dreamwheelsla/versions/00b701a0b65e2ed9/files/00a77b6f1668817aa8a65ad96e7fab21b55a67c2409e93c53ef3d9da70b08b3f [stream]
[debug] [2021-09-20T13:12:03.792Z] >>> [apiv2][query] POST https://upload-firebasehosting.googleapis.com/upload/sites/dreamwheelsla/versions/00b701a0b65e2ed9/files/d57fb3092bb245d760ad4e41329571bd658d37a51528b36328035c0cdc6a4595 [none]
[debug] [2021-09-20T13:12:03.792Z] >>> [apiv2][body] POST https://upload-firebasehosting.googleapis.com/upload/sites/dreamwheelsla/versions/00b701a0b65e2ed9/files/d57fb3092bb245d760ad4e41329571bd658d37a51528b36328035c0cdc6a4595 [stream]
[debug] [2021-09-20T13:12:03.793Z] >>> [apiv2][query] POST https://upload-firebasehosting.googleapis.com/upload/sites/dreamwheelsla/versions/00b701a0b65e2ed9/files/8ab928ea8395354af17f419d2e04404345d24c3fff318df96deab500074a9b98 [none]
[debug] [2021-09-20T13:12:03.793Z] >>> [apiv2][body] POST https://upload-firebasehosting.googleapis.com/upload/sites/dreamwheelsla/versions/00b701a0b65e2ed9/files/8ab928ea8395354af17f419d2e04404345d24c3fff318df96deab500074a9b98 [stream]
[debug] [2021-09-20T13:12:03.793Z] >>> [apiv2][query] POST https://upload-firebasehosting.googleapis.com/upload/sites/dreamwheelsla/versions/00b701a0b65e2ed9/files/f1fe43972f02ef3ca2f7f392b4f3ae13bd2a4c4f3348bdfeda9dd5946831a50c [none]
[debug] [2021-09-20T13:12:03.793Z] >>> [apiv2][body] POST https://upload-firebasehosting.googleapis.com/upload/sites/dreamwheelsla/versions/00b701a0b65e2ed9/files/f1fe43972f02ef3ca2f7f392b4f3ae13bd2a4c4f3348bdfeda9dd5946831a50c [stream]
[debug] [2021-09-20T13:12:03.794Z] >>> [apiv2][query] POST https://upload-firebasehosting.googleapis.com/upload/sites/dreamwheelsla/versions/00b701a0b65e2ed9/files/c5de0326cb45262679f36f56240d32b29f87cc2a2ea0578a60c9d5fb6c20d7ec [none]
[debug] [2021-09-20T13:12:03.794Z] >>> [apiv2][body] POST https://upload-firebasehosting.googleapis.com/upload/sites/dreamwheelsla/versions/00b701a0b65e2ed9/files/c5de0326cb45262679f36f56240d32b29f87cc2a2ea0578a60c9d5fb6c20d7ec [stream]
[debug] [2021-09-20T13:12:03.794Z] >>> [apiv2][query] POST https://upload-firebasehosting.googleapis.com/upload/sites/dreamwheelsla/versions/00b701a0b65e2ed9/files/46b50c321b39e89a491b6727a01628c34245605a30beb3e7414c5e01cff90e6e [none]
[debug] [2021-09-20T13:12:03.794Z] >>> [apiv2][body] POST https://upload-firebasehosting.googleapis.com/upload/sites/dreamwheelsla/versions/00b701a0b65e2ed9/files/46b50c321b39e89a491b6727a01628c34245605a30beb3e7414c5e01cff90e6e [stream]
[debug] [2021-09-20T13:12:03.795Z] >>> [apiv2][query] POST https://upload-firebasehosting.googleapis.com/upload/sites/dreamwheelsla/versions/00b701a0b65e2ed9/files/bbe3655045648afb167cc7ae092b337c68e42c3f9f621e4151e05b30a5bea036 [none]
[debug] [2021-09-20T13:12:03.795Z] >>> [apiv2][body] POST https://upload-firebasehosting.googleapis.com/upload/sites/dreamwheelsla/versions/00b701a0b65e2ed9/files/bbe3655045648afb167cc7ae092b337c68e42c3f9f621e4151e05b30a5bea036 [stream]
[debug] [2021-09-20T13:12:03.795Z] >>> [apiv2][query] POST https://upload-firebasehosting.googleapis.com/upload/sites/dreamwheelsla/versions/00b701a0b65e2ed9/files/f5c42b688aabd978dffa66bfb2f6eb4e1e7b2402c8a2cae69ef144b97e0f97e8 [none]
[debug] [2021-09-20T13:12:03.795Z] >>> [apiv2][body] POST https://upload-firebasehosting.googleapis.com/upload/sites/dreamwheelsla/versions/00b701a0b65e2ed9/files/f5c42b688aabd978dffa66bfb2f6eb4e1e7b2402c8a2cae69ef144b97e0f97e8 [stream]
[debug] [2021-09-20T13:12:03.796Z] >>> [apiv2][query] POST https://upload-firebasehosting.googleapis.com/upload/sites/dreamwheelsla/versions/00b701a0b65e2ed9/files/643f7a8b0df9b05c990ef62c5ebf1f64830a4b12421aa6c6e65e72241c24a1a3 [none]
[debug] [2021-09-20T13:12:03.796Z] >>> [apiv2][body] POST https://upload-firebasehosting.googleapis.com/upload/sites/dreamwheelsla/versions/00b701a0b65e2ed9/files/643f7a8b0df9b05c990ef62c5ebf1f64830a4b12421aa6c6e65e72241c24a1a3 [stream]
[debug] [2021-09-20T13:12:03.796Z] >>> [apiv2][query] POST https://upload-firebasehosting.googleapis.com/upload/sites/dreamwheelsla/versions/00b701a0b65e2ed9/files/cfe4395ac2ef9c173b353700d1ad5dd0e79058cf2fa3f955a89b7c1e164269d1 [none]
[debug] [2021-09-20T13:12:03.796Z] >>> [apiv2][body] POST https://upload-firebasehosting.googleapis.com/upload/sites/dreamwheelsla/versions/00b701a0b65e2ed9/files/cfe4395ac2ef9c173b353700d1ad5dd0e79058cf2fa3f955a89b7c1e164269d1 [stream]
[debug] [2021-09-20T13:12:03.797Z] >>> [apiv2][query] POST https://upload-firebasehosting.googleapis.com/upload/sites/dreamwheelsla/versions/00b701a0b65e2ed9/files/65ad6487e1a49c4163678b9a60316761b9137d47f5b57ab04561d5e2f8163510 [none]
[debug] [2021-09-20T13:12:03.797Z] >>> [apiv2][body] POST https://upload-firebasehosting.googleapis.com/upload/sites/dreamwheelsla/versions/00b701a0b65e2ed9/files/65ad6487e1a49c4163678b9a60316761b9137d47f5b57ab04561d5e2f8163510 [stream]
[debug] [2021-09-20T13:12:03.798Z] >>> [apiv2][query] POST https://upload-firebasehosting.googleapis.com/upload/sites/dreamwheelsla/versions/00b701a0b65e2ed9/files/66c7bcaf2431b0661dd54a76652bc2dca0abccba74b9c76e515cdd74d5670929 [none]
[debug] [2021-09-20T13:12:03.798Z] >>> [apiv2][body] POST https://upload-firebasehosting.googleapis.com/upload/sites/dreamwheelsla/versions/00b701a0b65e2ed9/files/66c7bcaf2431b0661dd54a76652bc2dca0abccba74b9c76e515cdd74d5670929 [stream]
[debug] [2021-09-20T13:12:03.799Z] >>> [apiv2][query] POST https://upload-firebasehosting.googleapis.com/upload/sites/dreamwheelsla/versions/00b701a0b65e2ed9/files/969a25965ffdd246630a4919dc9d25042a5b579572b7dbaeac5e505023e98e5a [none]
[debug] [2021-09-20T13:12:03.799Z] >>> [apiv2][body] POST https://upload-firebasehosting.googleapis.com/upload/sites/dreamwheelsla/versions/00b701a0b65e2ed9/files/969a25965ffdd246630a4919dc9d25042a5b579572b7dbaeac5e505023e98e5a [stream]
[debug] [2021-09-20T13:12:03.800Z] >>> [apiv2][query] POST https://upload-firebasehosting.googleapis.com/upload/sites/dreamwheelsla/versions/00b701a0b65e2ed9/files/dc16895e601c77975a582f617f70c05e071e5f63e930c9f1bf23c1556286de99 [none]
[debug] [2021-09-20T13:12:03.800Z] >>> [apiv2][body] POST https://upload-firebasehosting.googleapis.com/upload/sites/dreamwheelsla/versions/00b701a0b65e2ed9/files/dc16895e601c77975a582f617f70c05e071e5f63e930c9f1bf23c1556286de99 [stream]
[debug] [2021-09-20T13:12:03.800Z] >>> [apiv2][query] POST https://upload-firebasehosting.googleapis.com/upload/sites/dreamwheelsla/versions/00b701a0b65e2ed9/files/77fd37a9396f624cae8a62e219ac594b29bdf987cbb4c393682070a8e6b3f6af [none]
[debug] [2021-09-20T13:12:03.800Z] >>> [apiv2][body] POST https://upload-firebasehosting.googleapis.com/upload/sites/dreamwheelsla/versions/00b701a0b65e2ed9/files/77fd37a9396f624cae8a62e219ac594b29bdf987cbb4c393682070a8e6b3f6af [stream]
[debug] [2021-09-20T13:12:03.801Z] >>> [apiv2][query] POST https://upload-firebasehosting.googleapis.com/upload/sites/dreamwheelsla/versions/00b701a0b65e2ed9/files/a9848bc97186746e4a9d483f9a4124894630105ff5f441d8c9f1a165ce35d9e7 [none]
[debug] [2021-09-20T13:12:03.801Z] >>> [apiv2][body] POST https://upload-firebasehosting.googleapis.com/upload/sites/dreamwheelsla/versions/00b701a0b65e2ed9/files/a9848bc97186746e4a9d483f9a4124894630105ff5f441d8c9f1a165ce35d9e7 [stream]
[debug] [2021-09-20T13:12:03.801Z] >>> [apiv2][query] POST https://upload-firebasehosting.googleapis.com/upload/sites/dreamwheelsla/versions/00b701a0b65e2ed9/files/91801fb133e1fee5e72a7f50eaf8dbbafc8a430bec16cbec164fd291c16f82bf [none]
[debug] [2021-09-20T13:12:03.801Z] >>> [apiv2][body] POST https://upload-firebasehosting.googleapis.com/upload/sites/dreamwheelsla/versions/00b701a0b65e2ed9/files/91801fb133e1fee5e72a7f50eaf8dbbafc8a430bec16cbec164fd291c16f82bf [stream]
[debug] [2021-09-20T13:12:03.802Z] >>> [apiv2][query] POST https://upload-firebasehosting.googleapis.com/upload/sites/dreamwheelsla/versions/00b701a0b65e2ed9/files/fec2d59a50c9b89e4e7112d3481b07259b1a6ab9ca2c4a05286802e14b13eb2d [none]
[debug] [2021-09-20T13:12:03.802Z] >>> [apiv2][body] POST https://upload-firebasehosting.googleapis.com/upload/sites/dreamwheelsla/versions/00b701a0b65e2ed9/files/fec2d59a50c9b89e4e7112d3481b07259b1a6ab9ca2c4a05286802e14b13eb2d [stream]
[debug] [2021-09-20T13:12:03.803Z] [hosting][populate queue][FINAL] {"max":1702,"min":1702,"avg":1702,"active":0,"complete":1,"success":1,"errored":0,"retried":0,"total":1,"elapsed":1741}
[debug] [2021-09-20T13:12:03.803Z] [hosting] uploads queued: 43
[debug] [2021-09-20T13:12:04.981Z] <<< [apiv2][status] POST https://upload-firebasehosting.googleapis.com/upload/sites/dreamwheelsla/versions/00b701a0b65e2ed9/files/46b50c321b39e89a491b6727a01628c34245605a30beb3e7414c5e01cff90e6e 200
[debug] [2021-09-20T13:12:04.981Z] <<< [apiv2][body] POST https://upload-firebasehosting.googleapis.com/upload/sites/dreamwheelsla/versions/00b701a0b65e2ed9/files/46b50c321b39e89a491b6727a01628c34245605a30beb3e7414c5e01cff90e6e [stream]
[debug] [2021-09-20T13:12:05.036Z] <<< [apiv2][status] POST https://upload-firebasehosting.googleapis.com/upload/sites/dreamwheelsla/versions/00b701a0b65e2ed9/files/bd8415cc3b3a69a18c91dcccc37c0eb015af15bdf81b75e7fe54ae760f2b49ea 200
[debug] [2021-09-20T13:12:05.037Z] <<< [apiv2][body] POST https://upload-firebasehosting.googleapis.com/upload/sites/dreamwheelsla/versions/00b701a0b65e2ed9/files/bd8415cc3b3a69a18c91dcccc37c0eb015af15bdf81b75e7fe54ae760f2b49ea [stream]
[debug] [2021-09-20T13:12:05.048Z] <<< [apiv2][status] POST https://upload-firebasehosting.googleapis.com/upload/sites/dreamwheelsla/versions/00b701a0b65e2ed9/files/00a77b6f1668817aa8a65ad96e7fab21b55a67c2409e93c53ef3d9da70b08b3f 200
[debug] [2021-09-20T13:12:05.048Z] <<< [apiv2][body] POST https://upload-firebasehosting.googleapis.com/upload/sites/dreamwheelsla/versions/00b701a0b65e2ed9/files/00a77b6f1668817aa8a65ad96e7fab21b55a67c2409e93c53ef3d9da70b08b3f [stream]
[debug] [2021-09-20T13:12:05.052Z] <<< [apiv2][status] POST https://upload-firebasehosting.googleapis.com/upload/sites/dreamwheelsla/versions/00b701a0b65e2ed9/files/c5492950e42b6980e5f863a9d5bed3787bfaf9fdfc7b374d7c331c0a2b09e550 200
[debug] [2021-09-20T13:12:05.052Z] <<< [apiv2][body] POST https://upload-firebasehosting.googleapis.com/upload/sites/dreamwheelsla/versions/00b701a0b65e2ed9/files/c5492950e42b6980e5f863a9d5bed3787bfaf9fdfc7b374d7c331c0a2b09e550 [stream]
[debug] [2021-09-20T13:12:05.065Z] <<< [apiv2][status] POST https://upload-firebasehosting.googleapis.com/upload/sites/dreamwheelsla/versions/00b701a0b65e2ed9/files/56d4660834a3359f3580783c0c081f1572cf91d2fc49532c2f8a7a1dd8c5d913 200
[debug] [2021-09-20T13:12:05.065Z] <<< [apiv2][body] POST https://upload-firebasehosting.googleapis.com/upload/sites/dreamwheelsla/versions/00b701a0b65e2ed9/files/56d4660834a3359f3580783c0c081f1572cf91d2fc49532c2f8a7a1dd8c5d913 [stream]
[debug] [2021-09-20T13:12:05.068Z] <<< [apiv2][status] POST https://upload-firebasehosting.googleapis.com/upload/sites/dreamwheelsla/versions/00b701a0b65e2ed9/files/5927c89edf5df24d431de0bea677ffa1628c53d8bb269f285e4a2bce71500134 200
[debug] [2021-09-20T13:12:05.069Z] <<< [apiv2][body] POST https://upload-firebasehosting.googleapis.com/upload/sites/dreamwheelsla/versions/00b701a0b65e2ed9/files/5927c89edf5df24d431de0bea677ffa1628c53d8bb269f285e4a2bce71500134 [stream]
[debug] [2021-09-20T13:12:05.069Z] <<< [apiv2][status] POST https://upload-firebasehosting.googleapis.com/upload/sites/dreamwheelsla/versions/00b701a0b65e2ed9/files/c5de0326cb45262679f36f56240d32b29f87cc2a2ea0578a60c9d5fb6c20d7ec 200
[debug] [2021-09-20T13:12:05.070Z] <<< [apiv2][body] POST https://upload-firebasehosting.googleapis.com/upload/sites/dreamwheelsla/versions/00b701a0b65e2ed9/files/c5de0326cb45262679f36f56240d32b29f87cc2a2ea0578a60c9d5fb6c20d7ec [stream]
[debug] [2021-09-20T13:12:05.070Z] <<< [apiv2][status] POST https://upload-firebasehosting.googleapis.com/upload/sites/dreamwheelsla/versions/00b701a0b65e2ed9/files/b54fc22a8153309b82d3e54a47f2098e0e4f5cda18e634d80d1eb580b041c1d3 200
[debug] [2021-09-20T13:12:05.070Z] <<< [apiv2][body] POST https://upload-firebasehosting.googleapis.com/upload/sites/dreamwheelsla/versions/00b701a0b65e2ed9/files/b54fc22a8153309b82d3e54a47f2098e0e4f5cda18e634d80d1eb580b041c1d3 [stream]
[debug] [2021-09-20T13:12:05.071Z] <<< [apiv2][status] POST https://upload-firebasehosting.googleapis.com/upload/sites/dreamwheelsla/versions/00b701a0b65e2ed9/files/3f5f538d82f339372ecc20d247ca8c45da00ce468d4e459381dbcb3cf673689d 200
[debug] [2021-09-20T13:12:05.072Z] <<< [apiv2][body] POST https://upload-firebasehosting.googleapis.com/upload/sites/dreamwheelsla/versions/00b701a0b65e2ed9/files/3f5f538d82f339372ecc20d247ca8c45da00ce468d4e459381dbcb3cf673689d [stream]
[debug] [2021-09-20T13:12:05.081Z] <<< [apiv2][status] POST https://upload-firebasehosting.googleapis.com/upload/sites/dreamwheelsla/versions/00b701a0b65e2ed9/files/6e5a5316ae981b44d93e959960f0ff7142f12f7a3e29613e6bba20be5a669eb0 200
[debug] [2021-09-20T13:12:05.081Z] <<< [apiv2][body] POST https://upload-firebasehosting.googleapis.com/upload/sites/dreamwheelsla/versions/00b701a0b65e2ed9/files/6e5a5316ae981b44d93e959960f0ff7142f12f7a3e29613e6bba20be5a669eb0 [stream]
[debug] [2021-09-20T13:12:05.084Z] <<< [apiv2][status] POST https://upload-firebasehosting.googleapis.com/upload/sites/dreamwheelsla/versions/00b701a0b65e2ed9/files/643f7a8b0df9b05c990ef62c5ebf1f64830a4b12421aa6c6e65e72241c24a1a3 200
[debug] [2021-09-20T13:12:05.084Z] <<< [apiv2][body] POST https://upload-firebasehosting.googleapis.com/upload/sites/dreamwheelsla/versions/00b701a0b65e2ed9/files/643f7a8b0df9b05c990ef62c5ebf1f64830a4b12421aa6c6e65e72241c24a1a3 [stream]
[debug] [2021-09-20T13:12:05.092Z] <<< [apiv2][status] POST https://upload-firebasehosting.googleapis.com/upload/sites/dreamwheelsla/versions/00b701a0b65e2ed9/files/6ff7fec2360966e2e27c7c0715a345045582d5fe2517cbf1d18f4b121df23fea 200
[debug] [2021-09-20T13:12:05.093Z] <<< [apiv2][body] POST https://upload-firebasehosting.googleapis.com/upload/sites/dreamwheelsla/versions/00b701a0b65e2ed9/files/6ff7fec2360966e2e27c7c0715a345045582d5fe2517cbf1d18f4b121df23fea [stream]
[debug] [2021-09-20T13:12:05.100Z] <<< [apiv2][status] POST https://upload-firebasehosting.googleapis.com/upload/sites/dreamwheelsla/versions/00b701a0b65e2ed9/files/f1fe43972f02ef3ca2f7f392b4f3ae13bd2a4c4f3348bdfeda9dd5946831a50c 200
[debug] [2021-09-20T13:12:05.100Z] <<< [apiv2][body] POST https://upload-firebasehosting.googleapis.com/upload/sites/dreamwheelsla/versions/00b701a0b65e2ed9/files/f1fe43972f02ef3ca2f7f392b4f3ae13bd2a4c4f3348bdfeda9dd5946831a50c [stream]
[debug] [2021-09-20T13:12:05.105Z] <<< [apiv2][status] POST https://upload-firebasehosting.googleapis.com/upload/sites/dreamwheelsla/versions/00b701a0b65e2ed9/files/8e92f30005a306de7b34ffce945afaae18d7944e832e848a441c1a88197398fd 200
[debug] [2021-09-20T13:12:05.105Z] <<< [apiv2][body] POST https://upload-firebasehosting.googleapis.com/upload/sites/dreamwheelsla/versions/00b701a0b65e2ed9/files/8e92f30005a306de7b34ffce945afaae18d7944e832e848a441c1a88197398fd [stream]
[debug] [2021-09-20T13:12:05.108Z] <<< [apiv2][status] POST https://upload-firebasehosting.googleapis.com/upload/sites/dreamwheelsla/versions/00b701a0b65e2ed9/files/221d992776b211ce63313c811adcae8576ecfe7e17131e14b2316307c39f5b0c 200
[debug] [2021-09-20T13:12:05.108Z] <<< [apiv2][body] POST https://upload-firebasehosting.googleapis.com/upload/sites/dreamwheelsla/versions/00b701a0b65e2ed9/files/221d992776b211ce63313c811adcae8576ecfe7e17131e14b2316307c39f5b0c [stream]
[debug] [2021-09-20T13:12:05.110Z] <<< [apiv2][status] POST https://upload-firebasehosting.googleapis.com/upload/sites/dreamwheelsla/versions/00b701a0b65e2ed9/files/bbe3655045648afb167cc7ae092b337c68e42c3f9f621e4151e05b30a5bea036 200
[debug] [2021-09-20T13:12:05.110Z] <<< [apiv2][body] POST https://upload-firebasehosting.googleapis.com/upload/sites/dreamwheelsla/versions/00b701a0b65e2ed9/files/bbe3655045648afb167cc7ae092b337c68e42c3f9f621e4151e05b30a5bea036 [stream]
[debug] [2021-09-20T13:12:05.112Z] <<< [apiv2][status] POST https://upload-firebasehosting.googleapis.com/upload/sites/dreamwheelsla/versions/00b701a0b65e2ed9/files/d57fb3092bb245d760ad4e41329571bd658d37a51528b36328035c0cdc6a4595 200
[debug] [2021-09-20T13:12:05.112Z] <<< [apiv2][body] POST https://upload-firebasehosting.googleapis.com/upload/sites/dreamwheelsla/versions/00b701a0b65e2ed9/files/d57fb3092bb245d760ad4e41329571bd658d37a51528b36328035c0cdc6a4595 [stream]
[debug] [2021-09-20T13:12:05.116Z] <<< [apiv2][status] POST https://upload-firebasehosting.googleapis.com/upload/sites/dreamwheelsla/versions/00b701a0b65e2ed9/files/c786dfa2f01c5c83bb0e5ed6e2e47c84e9ee228117c244c6acedcc2e5aa1c879 200
[debug] [2021-09-20T13:12:05.116Z] <<< [apiv2][body] POST https://upload-firebasehosting.googleapis.com/upload/sites/dreamwheelsla/versions/00b701a0b65e2ed9/files/c786dfa2f01c5c83bb0e5ed6e2e47c84e9ee228117c244c6acedcc2e5aa1c879 [stream]
[debug] [2021-09-20T13:12:05.137Z] <<< [apiv2][status] POST https://upload-firebasehosting.googleapis.com/upload/sites/dreamwheelsla/versions/00b701a0b65e2ed9/files/943c4cdf9337ef6db2b5ceb5f36a1c97c3e01584bcb44b58ddff592a0eb45c58 200
[debug] [2021-09-20T13:12:05.137Z] <<< [apiv2][body] POST https://upload-firebasehosting.googleapis.com/upload/sites/dreamwheelsla/versions/00b701a0b65e2ed9/files/943c4cdf9337ef6db2b5ceb5f36a1c97c3e01584bcb44b58ddff592a0eb45c58 [stream]
[debug] [2021-09-20T13:12:05.143Z] <<< [apiv2][status] POST https://upload-firebasehosting.googleapis.com/upload/sites/dreamwheelsla/versions/00b701a0b65e2ed9/files/66c7bcaf2431b0661dd54a76652bc2dca0abccba74b9c76e515cdd74d5670929 200
[debug] [2021-09-20T13:12:05.143Z] <<< [apiv2][body] POST https://upload-firebasehosting.googleapis.com/upload/sites/dreamwheelsla/versions/00b701a0b65e2ed9/files/66c7bcaf2431b0661dd54a76652bc2dca0abccba74b9c76e515cdd74d5670929 [stream]
[debug] [2021-09-20T13:12:05.146Z] <<< [apiv2][status] POST https://upload-firebasehosting.googleapis.com/upload/sites/dreamwheelsla/versions/00b701a0b65e2ed9/files/fec2d59a50c9b89e4e7112d3481b07259b1a6ab9ca2c4a05286802e14b13eb2d 200
[debug] [2021-09-20T13:12:05.146Z] <<< [apiv2][body] POST https://upload-firebasehosting.googleapis.com/upload/sites/dreamwheelsla/versions/00b701a0b65e2ed9/files/fec2d59a50c9b89e4e7112d3481b07259b1a6ab9ca2c4a05286802e14b13eb2d [stream]
[debug] [2021-09-20T13:12:05.149Z] <<< [apiv2][status] POST https://upload-firebasehosting.googleapis.com/upload/sites/dreamwheelsla/versions/00b701a0b65e2ed9/files/1bec79b6115828188ddd1df18725d282a72993a0e79b47538b1cc1735df18674 200
[debug] [2021-09-20T13:12:05.149Z] <<< [apiv2][body] POST https://upload-firebasehosting.googleapis.com/upload/sites/dreamwheelsla/versions/00b701a0b65e2ed9/files/1bec79b6115828188ddd1df18725d282a72993a0e79b47538b1cc1735df18674 [stream]
[debug] [2021-09-20T13:12:05.158Z] <<< [apiv2][status] POST https://upload-firebasehosting.googleapis.com/upload/sites/dreamwheelsla/versions/00b701a0b65e2ed9/files/fb8e97de1d2da616dcde034c7979de9c9ab21dc5264d0ed6152f6c1d3cdb4e6e 200
[debug] [2021-09-20T13:12:05.158Z] <<< [apiv2][body] POST https://upload-firebasehosting.googleapis.com/upload/sites/dreamwheelsla/versions/00b701a0b65e2ed9/files/fb8e97de1d2da616dcde034c7979de9c9ab21dc5264d0ed6152f6c1d3cdb4e6e [stream]
[debug] [2021-09-20T13:12:05.166Z] <<< [apiv2][status] POST https://upload-firebasehosting.googleapis.com/upload/sites/dreamwheelsla/versions/00b701a0b65e2ed9/files/8ab928ea8395354af17f419d2e04404345d24c3fff318df96deab500074a9b98 200
[debug] [2021-09-20T13:12:05.166Z] <<< [apiv2][body] POST https://upload-firebasehosting.googleapis.com/upload/sites/dreamwheelsla/versions/00b701a0b65e2ed9/files/8ab928ea8395354af17f419d2e04404345d24c3fff318df96deab500074a9b98 [stream]
[debug] [2021-09-20T13:12:05.167Z] <<< [apiv2][status] POST https://upload-firebasehosting.googleapis.com/upload/sites/dreamwheelsla/versions/00b701a0b65e2ed9/files/5b5a2dc9c6c78cd1a5505d3a0d85a74dceb4c62062210cad169b5a6eaedcf5c2 200
[debug] [2021-09-20T13:12:05.167Z] <<< [apiv2][body] POST https://upload-firebasehosting.googleapis.com/upload/sites/dreamwheelsla/versions/00b701a0b65e2ed9/files/5b5a2dc9c6c78cd1a5505d3a0d85a74dceb4c62062210cad169b5a6eaedcf5c2 [stream]
[debug] [2021-09-20T13:12:05.168Z] <<< [apiv2][status] POST https://upload-firebasehosting.googleapis.com/upload/sites/dreamwheelsla/versions/00b701a0b65e2ed9/files/499c360adeca56ce7190acf0f81f04fe722e62f9d90962526f51fbc337e19773 200
[debug] [2021-09-20T13:12:05.168Z] <<< [apiv2][body] POST https://upload-firebasehosting.googleapis.com/upload/sites/dreamwheelsla/versions/00b701a0b65e2ed9/files/499c360adeca56ce7190acf0f81f04fe722e62f9d90962526f51fbc337e19773 [stream]
[debug] [2021-09-20T13:12:05.169Z] <<< [apiv2][status] POST https://upload-firebasehosting.googleapis.com/upload/sites/dreamwheelsla/versions/00b701a0b65e2ed9/files/77fd37a9396f624cae8a62e219ac594b29bdf987cbb4c393682070a8e6b3f6af 200
[debug] [2021-09-20T13:12:05.170Z] <<< [apiv2][body] POST https://upload-firebasehosting.googleapis.com/upload/sites/dreamwheelsla/versions/00b701a0b65e2ed9/files/77fd37a9396f624cae8a62e219ac594b29bdf987cbb4c393682070a8e6b3f6af [stream]
[debug] [2021-09-20T13:12:05.186Z] <<< [apiv2][status] POST https://upload-firebasehosting.googleapis.com/upload/sites/dreamwheelsla/versions/00b701a0b65e2ed9/files/a9848bc97186746e4a9d483f9a4124894630105ff5f441d8c9f1a165ce35d9e7 200
[debug] [2021-09-20T13:12:05.186Z] <<< [apiv2][body] POST https://upload-firebasehosting.googleapis.com/upload/sites/dreamwheelsla/versions/00b701a0b65e2ed9/files/a9848bc97186746e4a9d483f9a4124894630105ff5f441d8c9f1a165ce35d9e7 [stream]
[debug] [2021-09-20T13:12:05.191Z] <<< [apiv2][status] POST https://upload-firebasehosting.googleapis.com/upload/sites/dreamwheelsla/versions/00b701a0b65e2ed9/files/0db6388c782defa11157450953d9270347581770633faedaf00392d974eca833 200
[debug] [2021-09-20T13:12:05.191Z] <<< [apiv2][body] POST https://upload-firebasehosting.googleapis.com/upload/sites/dreamwheelsla/versions/00b701a0b65e2ed9/files/0db6388c782defa11157450953d9270347581770633faedaf00392d974eca833 [stream]
[debug] [2021-09-20T13:12:05.205Z] <<< [apiv2][status] POST https://upload-firebasehosting.googleapis.com/upload/sites/dreamwheelsla/versions/00b701a0b65e2ed9/files/f5c42b688aabd978dffa66bfb2f6eb4e1e7b2402c8a2cae69ef144b97e0f97e8 200
[debug] [2021-09-20T13:12:05.205Z] <<< [apiv2][body] POST https://upload-firebasehosting.googleapis.com/upload/sites/dreamwheelsla/versions/00b701a0b65e2ed9/files/f5c42b688aabd978dffa66bfb2f6eb4e1e7b2402c8a2cae69ef144b97e0f97e8 [stream]
[debug] [2021-09-20T13:12:05.209Z] <<< [apiv2][status] POST https://upload-firebasehosting.googleapis.com/upload/sites/dreamwheelsla/versions/00b701a0b65e2ed9/files/48171c99a7250d14a4acadaae6e8a6bced01f7ba17f46208eddc1370b388dbc0 200
[debug] [2021-09-20T13:12:05.209Z] <<< [apiv2][body] POST https://upload-firebasehosting.googleapis.com/upload/sites/dreamwheelsla/versions/00b701a0b65e2ed9/files/48171c99a7250d14a4acadaae6e8a6bced01f7ba17f46208eddc1370b388dbc0 [stream]
[debug] [2021-09-20T13:12:05.227Z] <<< [apiv2][status] POST https://upload-firebasehosting.googleapis.com/upload/sites/dreamwheelsla/versions/00b701a0b65e2ed9/files/efe8b3fd918e42b3e90c3d5ddc335017889265313787c1c9ad868892901e7d16 200
[debug] [2021-09-20T13:12:05.227Z] <<< [apiv2][body] POST https://upload-firebasehosting.googleapis.com/upload/sites/dreamwheelsla/versions/00b701a0b65e2ed9/files/efe8b3fd918e42b3e90c3d5ddc335017889265313787c1c9ad868892901e7d16 [stream]
[debug] [2021-09-20T13:12:05.228Z] <<< [apiv2][status] POST https://upload-firebasehosting.googleapis.com/upload/sites/dreamwheelsla/versions/00b701a0b65e2ed9/files/91801fb133e1fee5e72a7f50eaf8dbbafc8a430bec16cbec164fd291c16f82bf 200
[debug] [2021-09-20T13:12:05.228Z] <<< [apiv2][body] POST https://upload-firebasehosting.googleapis.com/upload/sites/dreamwheelsla/versions/00b701a0b65e2ed9/files/91801fb133e1fee5e72a7f50eaf8dbbafc8a430bec16cbec164fd291c16f82bf [stream]
[debug] [2021-09-20T13:12:05.230Z] <<< [apiv2][status] POST https://upload-firebasehosting.googleapis.com/upload/sites/dreamwheelsla/versions/00b701a0b65e2ed9/files/969a25965ffdd246630a4919dc9d25042a5b579572b7dbaeac5e505023e98e5a 200
[debug] [2021-09-20T13:12:05.231Z] <<< [apiv2][body] POST https://upload-firebasehosting.googleapis.com/upload/sites/dreamwheelsla/versions/00b701a0b65e2ed9/files/969a25965ffdd246630a4919dc9d25042a5b579572b7dbaeac5e505023e98e5a [stream]
[debug] [2021-09-20T13:12:05.232Z] <<< [apiv2][status] POST https://upload-firebasehosting.googleapis.com/upload/sites/dreamwheelsla/versions/00b701a0b65e2ed9/files/65ad6487e1a49c4163678b9a60316761b9137d47f5b57ab04561d5e2f8163510 200
[debug] [2021-09-20T13:12:05.232Z] <<< [apiv2][body] POST https://upload-firebasehosting.googleapis.com/upload/sites/dreamwheelsla/versions/00b701a0b65e2ed9/files/65ad6487e1a49c4163678b9a60316761b9137d47f5b57ab04561d5e2f8163510 [stream]
[debug] [2021-09-20T13:12:05.233Z] <<< [apiv2][status] POST https://upload-firebasehosting.googleapis.com/upload/sites/dreamwheelsla/versions/00b701a0b65e2ed9/files/52846ad9b5d247cf10c45583556dbde9f66e9063f482c8b38af6e71dd0134c0e 200
[debug] [2021-09-20T13:12:05.233Z] <<< [apiv2][body] POST https://upload-firebasehosting.googleapis.com/upload/sites/dreamwheelsla/versions/00b701a0b65e2ed9/files/52846ad9b5d247cf10c45583556dbde9f66e9063f482c8b38af6e71dd0134c0e [stream]
[debug] [2021-09-20T13:12:05.257Z] <<< [apiv2][status] POST https://upload-firebasehosting.googleapis.com/upload/sites/dreamwheelsla/versions/00b701a0b65e2ed9/files/c46da7eca52c9d53b99853711576c4a43fc9d28e4428822808f04c6a31eccd98 200
[debug] [2021-09-20T13:12:05.257Z] <<< [apiv2][body] POST https://upload-firebasehosting.googleapis.com/upload/sites/dreamwheelsla/versions/00b701a0b65e2ed9/files/c46da7eca52c9d53b99853711576c4a43fc9d28e4428822808f04c6a31eccd98 [stream]
[debug] [2021-09-20T13:12:05.299Z] <<< [apiv2][status] POST https://upload-firebasehosting.googleapis.com/upload/sites/dreamwheelsla/versions/00b701a0b65e2ed9/files/384f4df1c4bbf38b7c244fefabf68b6a0729a1fe9f927b7a6f75178b423d7268 200
[debug] [2021-09-20T13:12:05.300Z] <<< [apiv2][body] POST https://upload-firebasehosting.googleapis.com/upload/sites/dreamwheelsla/versions/00b701a0b65e2ed9/files/384f4df1c4bbf38b7c244fefabf68b6a0729a1fe9f927b7a6f75178b423d7268 [stream]
[debug] [2021-09-20T13:12:05.312Z] <<< [apiv2][status] POST https://upload-firebasehosting.googleapis.com/upload/sites/dreamwheelsla/versions/00b701a0b65e2ed9/files/dc16895e601c77975a582f617f70c05e071e5f63e930c9f1bf23c1556286de99 200
[debug] [2021-09-20T13:12:05.312Z] <<< [apiv2][body] POST https://upload-firebasehosting.googleapis.com/upload/sites/dreamwheelsla/versions/00b701a0b65e2ed9/files/dc16895e601c77975a582f617f70c05e071e5f63e930c9f1bf23c1556286de99 [stream]
[debug] [2021-09-20T13:12:05.358Z] <<< [apiv2][status] POST https://upload-firebasehosting.googleapis.com/upload/sites/dreamwheelsla/versions/00b701a0b65e2ed9/files/9d5edbf5ff72e838bf6efc1cbc5a109576dc5f5a4071a3bd0f583487b650ebff 200
[debug] [2021-09-20T13:12:05.359Z] <<< [apiv2][body] POST https://upload-firebasehosting.googleapis.com/upload/sites/dreamwheelsla/versions/00b701a0b65e2ed9/files/9d5edbf5ff72e838bf6efc1cbc5a109576dc5f5a4071a3bd0f583487b650ebff [stream]
[debug] [2021-09-20T13:12:05.373Z] <<< [apiv2][status] POST https://upload-firebasehosting.googleapis.com/upload/sites/dreamwheelsla/versions/00b701a0b65e2ed9/files/cfe4395ac2ef9c173b353700d1ad5dd0e79058cf2fa3f955a89b7c1e164269d1 200
[debug] [2021-09-20T13:12:05.373Z] <<< [apiv2][body] POST https://upload-firebasehosting.googleapis.com/upload/sites/dreamwheelsla/versions/00b701a0b65e2ed9/files/cfe4395ac2ef9c173b353700d1ad5dd0e79058cf2fa3f955a89b7c1e164269d1 [stream]
[debug] [2021-09-20T13:12:05.505Z] <<< [apiv2][status] POST https://upload-firebasehosting.googleapis.com/upload/sites/dreamwheelsla/versions/00b701a0b65e2ed9/files/37bb8421e6d5eadb22e6a44c6f3951db60c275f7a4b4ff7b8b6a5aa366668db0 200
[debug] [2021-09-20T13:12:05.505Z] <<< [apiv2][body] POST https://upload-firebasehosting.googleapis.com/upload/sites/dreamwheelsla/versions/00b701a0b65e2ed9/files/37bb8421e6d5eadb22e6a44c6f3951db60c275f7a4b4ff7b8b6a5aa366668db0 [stream]
[debug] [2021-09-20T13:12:05.702Z] <<< [apiv2][status] POST https://upload-firebasehosting.googleapis.com/upload/sites/dreamwheelsla/versions/00b701a0b65e2ed9/files/3722ae1b6b562022049d789f651a0afc10aac92e54fe3fce596096f3cfd79ad2 200
[debug] [2021-09-20T13:12:05.702Z] <<< [apiv2][body] POST https://upload-firebasehosting.googleapis.com/upload/sites/dreamwheelsla/versions/00b701a0b65e2ed9/files/3722ae1b6b562022049d789f651a0afc10aac92e54fe3fce596096f3cfd79ad2 [stream]
[debug] [2021-09-20T13:12:05.703Z] [hosting][upload queue][FINAL] {"max":1946,"min":1219,"avg":1416.3255813953488,"active":0,"complete":43,"success":43,"errored":0,"retried":0,"total":43,"elapsed":1950}
[info] +  hosting[dreamwheelsla]: file upload complete 
[debug] [2021-09-20T13:12:05.704Z] [hosting] deploy completed after 4097ms
[info] i  functions: updating Node.js 12 function sendContactForm(us-central1)... 
[debug] [2021-09-20T13:12:05.838Z] > refreshing access token with scopes: ["email","https://www.googleapis.com/auth/cloud-platform","https://www.googleapis.com/auth/cloudplatformprojects.readonly","https://www.googleapis.com/auth/firebase","openid"]
[debug] [2021-09-20T13:12:05.839Z] >>> HTTP REQUEST POST https://www.googleapis.com/oauth2/v3/token  
 <request body omitted>
[debug] [2021-09-20T13:12:06.021Z] <<< HTTP RESPONSE 200 {"cache-control":"no-cache, no-store, max-age=0, must-revalidate","pragma":"no-cache","expires":"Mon, 01 Jan 1990 00:00:00 GMT","date":"Mon, 20 Sep 2021 13:12:06 GMT","content-type":"application/json; charset=utf-8","vary":"X-Origin, Referer, Origin,Accept-Encoding","server":"scaffolding on HTTPServer2","x-xss-protection":"0","x-frame-options":"SAMEORIGIN","x-content-type-options":"nosniff","alt-svc":"h3=\":443\"; ma=2592000,h3-29=\":443\"; ma=2592000,h3-T051=\":443\"; ma=2592000,h3-Q050=\":443\"; ma=2592000,h3-Q046=\":443\"; ma=2592000,h3-Q043=\":443\"; ma=2592000,quic=\":443\"; ma=2592000; v=\"46,43\"","accept-ranges":"none","transfer-encoding":"chunked"}
[debug] [2021-09-20T13:12:06.030Z] >>> HTTP REQUEST PATCH https://cloudfunctions.googleapis.com/v1/projects/dreamwheelsla/locations/us-central1/functions/sendContactForm {"updateMask":"sourceUploadUrl,name,labels,runtime,environmentVariables,httpsTrigger"} 
 {"sourceUploadUrl":"https://storage.googleapis.com/gcf-upload-us-central1-92339d42-ae8d-444a-b6d6-81bc81dc09cc/fcbbde90-0c36-4765-8b75-f77aa6f76bab.zip?GoogleAccessId=service-112523600434@gcf-admin-robot.iam.gserviceaccount.com&Expires=1632145321&Signature=WRDKnf2lHkCHc%2BIIfiNz3KBR9OiBGU4w84ZkCqM3nueOQaSbiGv0lWGG6dgrHZCRSoK2ZwRg%2BBLIufE5Uv9AMAZi7B4%2Bta08XkalPCf3G5LowmySkeV%2FUiG4Ub4nSgYjy4G3bHvkwGYb1jX24LQrLKg9azpvnshsVvFZ9%2BMPL7DW0NXkhBq5kvJKdf1hw%2BTBliWS%2FbbE4RxZF9sZfYAYm8hxyNEVDAuk%2F0wZuF64v%2BymqONRxO1J%2FASTBrYZzAit4afdBT1Rxcn7ygYR2F44zKFpnNfL2eQ%2FGkXyN8hT8XcSkzxgBYcahedhzZ%2Bmq%2F8SFQ6MUnvYnP%2BRAyz8iRYVMw%3D%3D","name":"projects/dreamwheelsla/locations/us-central1/functions/sendContactForm","labels":{"deployment-tool":"cli-firebase"},"httpsTrigger":{},"runtime":"nodejs12","environmentVariables":{"FIREBASE_CONFIG":"{\"projectId\":\"dreamwheelsla\",\"storageBucket\":\"dreamwheelsla.appspot.com\"}"}}
[debug] [2021-09-20T13:12:06.475Z] <<< HTTP RESPONSE 200 {"content-type":"application/json; charset=UTF-8","vary":"X-Origin, Referer, Origin,Accept-Encoding","date":"Mon, 20 Sep 2021 13:12:06 GMT","server":"ESF","cache-control":"private","x-xss-protection":"0","x-frame-options":"SAMEORIGIN","x-content-type-options":"nosniff","alt-svc":"h3=\":443\"; ma=2592000,h3-29=\":443\"; ma=2592000,h3-T051=\":443\"; ma=2592000,h3-Q050=\":443\"; ma=2592000,h3-Q046=\":443\"; ma=2592000,h3-Q043=\":443\"; ma=2592000,quic=\":443\"; ma=2592000; v=\"46,43\"","accept-ranges":"none","transfer-encoding":"chunked"}
[debug] [2021-09-20T13:12:06.476Z] > refreshing access token with scopes: []
[debug] [2021-09-20T13:12:06.476Z] >>> HTTP REQUEST POST https://www.googleapis.com/oauth2/v3/token  
 <request body omitted>
[debug] [2021-09-20T13:12:06.674Z] <<< HTTP RESPONSE 200 {"pragma":"no-cache","cache-control":"no-cache, no-store, max-age=0, must-revalidate","expires":"Mon, 01 Jan 1990 00:00:00 GMT","date":"Mon, 20 Sep 2021 13:12:07 GMT","content-type":"application/json; charset=utf-8","vary":"X-Origin, Referer, Origin,Accept-Encoding","server":"scaffolding on HTTPServer2","x-xss-protection":"0","x-frame-options":"SAMEORIGIN","x-content-type-options":"nosniff","alt-svc":"h3=\":443\"; ma=2592000,h3-29=\":443\"; ma=2592000,h3-T051=\":443\"; ma=2592000,h3-Q050=\":443\"; ma=2592000,h3-Q046=\":443\"; ma=2592000,h3-Q043=\":443\"; ma=2592000,quic=\":443\"; ma=2592000; v=\"46,43\"","accept-ranges":"none","transfer-encoding":"chunked"}
[debug] [2021-09-20T13:12:06.682Z] >>> [apiv2][query] GET https://cloudfunctions.googleapis.com/v1/operations/ZHJlYW13aGVlbHNsYS91cy1jZW50cmFsMS9zZW5kQ29udGFjdEZvcm0vSnlOSmg4ZmVrcnM [none]
[debug] [2021-09-20T13:12:06.985Z] <<< [apiv2][status] GET https://cloudfunctions.googleapis.com/v1/operations/ZHJlYW13aGVlbHNsYS91cy1jZW50cmFsMS9zZW5kQ29udGFjdEZvcm0vSnlOSmg4ZmVrcnM 200
[debug] [2021-09-20T13:12:06.986Z] <<< [apiv2][body] GET https://cloudfunctions.googleapis.com/v1/operations/ZHJlYW13aGVlbHNsYS91cy1jZW50cmFsMS9zZW5kQ29udGFjdEZvcm0vSnlOSmg4ZmVrcnM {"name":"operations/ZHJlYW13aGVlbHNsYS91cy1jZW50cmFsMS9zZW5kQ29udGFjdEZvcm0vSnlOSmg4ZmVrcnM","metadata":{"@type":"type.googleapis.com/google.cloud.functions.v1.OperationMetadataV1","target":"projects/dreamwheelsla/locations/us-central1/functions/sendContactForm","type":"UPDATE_FUNCTION","request":{"@type":"type.googleapis.com/google.cloud.functions.v1.CloudFunction","name":"projects/dreamwheelsla/locations/us-central1/functions/sendContactForm","httpsTrigger":{},"status":"ACTIVE","entryPoint":"sendContactForm","timeout":"60s","availableMemoryMb":256,"serviceAccountEmail":"dreamwheelsla@appspot.gserviceaccount.com","updateTime":"2021-09-20T08:22:14.885Z","versionId":"4","labels":{"deployment-tool":"cli-firebase"},"sourceUploadUrl":"https://storage.googleapis.com/gcf-upload-us-central1-92339d42-ae8d-444a-b6d6-81bc81dc09cc/fcbbde90-0c36-4765-8b75-f77aa6f76bab.zip?GoogleAccessId=service-112523600434@gcf-admin-robot.iam.gserviceaccount.com&Expires=1632145321&Signature=WRDKnf2lHkCHc%2BIIfiNz3KBR9OiBGU4w84ZkCqM3nueOQaSbiGv0lWGG6dgrHZCRSoK2ZwRg%2BBLIufE5Uv9AMAZi7B4%2Bta08XkalPCf3G5LowmySkeV%2FUiG4Ub4nSgYjy4G3bHvkwGYb1jX24LQrLKg9azpvnshsVvFZ9%2BMPL7DW0NXkhBq5kvJKdf1hw%2BTBliWS%2FbbE4RxZF9sZfYAYm8hxyNEVDAuk%2F0wZuF64v%2BymqONRxO1J%2FASTBrYZzAit4afdBT1Rxcn7ygYR2F44zKFpnNfL2eQ%2FGkXyN8hT8XcSkzxgBYcahedhzZ%2Bmq%2F8SFQ6MUnvYnP%2BRAyz8iRYVMw%3D%3D","environmentVariables":{"FIREBASE_CONFIG":"{\"projectId\":\"dreamwheelsla\",\"storageBucket\":\"dreamwheelsla.appspot.com\"}"},"runtime":"nodejs12","ingressSettings":"ALLOW_ALL","buildId":"44859023-11f8-431a-ac3d-c1cbe507e43e","buildName":"projects/112523600434/locations/us-central1/builds/44859023-11f8-431a-ac3d-c1cbe507e43e"},"versionId":"5","updateTime":"2021-09-20T13:12:07Z","buildName":"projects/112523600434/locations/us-central1/builds/44859023-11f8-431a-ac3d-c1cbe507e43e"}}
[debug] [2021-09-20T13:12:07.500Z] [update-projects/dreamwheelsla/locations/us-central1/functions/sendContactForm] Retrying task index 0
[debug] [2021-09-20T13:12:07.500Z] >>> [apiv2][query] GET https://cloudfunctions.googleapis.com/v1/operations/ZHJlYW13aGVlbHNsYS91cy1jZW50cmFsMS9zZW5kQ29udGFjdEZvcm0vSnlOSmg4ZmVrcnM [none]
[debug] [2021-09-20T13:12:07.781Z] <<< [apiv2][status] GET https://cloudfunctions.googleapis.com/v1/operations/ZHJlYW13aGVlbHNsYS91cy1jZW50cmFsMS9zZW5kQ29udGFjdEZvcm0vSnlOSmg4ZmVrcnM 200
[debug] [2021-09-20T13:12:07.782Z] <<< [apiv2][body] GET https://cloudfunctions.googleapis.com/v1/operations/ZHJlYW13aGVlbHNsYS91cy1jZW50cmFsMS9zZW5kQ29udGFjdEZvcm0vSnlOSmg4ZmVrcnM {"name":"operations/ZHJlYW13aGVlbHNsYS91cy1jZW50cmFsMS9zZW5kQ29udGFjdEZvcm0vSnlOSmg4ZmVrcnM","metadata":{"@type":"type.googleapis.com/google.cloud.functions.v1.OperationMetadataV1","target":"projects/dreamwheelsla/locations/us-central1/functions/sendContactForm","type":"UPDATE_FUNCTION","request":{"@type":"type.googleapis.com/google.cloud.functions.v1.CloudFunction","name":"projects/dreamwheelsla/locations/us-central1/functions/sendContactForm","httpsTrigger":{},"status":"ACTIVE","entryPoint":"sendContactForm","timeout":"60s","availableMemoryMb":256,"serviceAccountEmail":"dreamwheelsla@appspot.gserviceaccount.com","updateTime":"2021-09-20T08:22:14.885Z","versionId":"4","labels":{"deployment-tool":"cli-firebase"},"sourceUploadUrl":"https://storage.googleapis.com/gcf-upload-us-central1-92339d42-ae8d-444a-b6d6-81bc81dc09cc/fcbbde90-0c36-4765-8b75-f77aa6f76bab.zip?GoogleAccessId=service-112523600434@gcf-admin-robot.iam.gserviceaccount.com&Expires=1632145321&Signature=WRDKnf2lHkCHc%2BIIfiNz3KBR9OiBGU4w84ZkCqM3nueOQaSbiGv0lWGG6dgrHZCRSoK2ZwRg%2BBLIufE5Uv9AMAZi7B4%2Bta08XkalPCf3G5LowmySkeV%2FUiG4Ub4nSgYjy4G3bHvkwGYb1jX24LQrLKg9azpvnshsVvFZ9%2BMPL7DW0NXkhBq5kvJKdf1hw%2BTBliWS%2FbbE4RxZF9sZfYAYm8hxyNEVDAuk%2F0wZuF64v%2BymqONRxO1J%2FASTBrYZzAit4afdBT1Rxcn7ygYR2F44zKFpnNfL2eQ%2FGkXyN8hT8XcSkzxgBYcahedhzZ%2Bmq%2F8SFQ6MUnvYnP%2BRAyz8iRYVMw%3D%3D","environmentVariables":{"FIREBASE_CONFIG":"{\"projectId\":\"dreamwheelsla\",\"storageBucket\":\"dreamwheelsla.appspot.com\"}"},"runtime":"nodejs12","ingressSettings":"ALLOW_ALL","buildId":"44859023-11f8-431a-ac3d-c1cbe507e43e","buildName":"projects/112523600434/locations/us-central1/builds/44859023-11f8-431a-ac3d-c1cbe507e43e"},"versionId":"5","updateTime":"2021-09-20T13:12:07Z","buildId":"59e81fc1-35c8-4522-861c-b899042bbf25","buildName":"projects/112523600434/locations/us-central1/builds/59e81fc1-35c8-4522-861c-b899042bbf25"}}
[debug] [2021-09-20T13:12:08.782Z] [update-projects/dreamwheelsla/locations/us-central1/functions/sendContactForm] Retrying task index 0
[debug] [2021-09-20T13:12:08.782Z] >>> [apiv2][query] GET https://cloudfunctions.googleapis.com/v1/operations/ZHJlYW13aGVlbHNsYS91cy1jZW50cmFsMS9zZW5kQ29udGFjdEZvcm0vSnlOSmg4ZmVrcnM [none]
[debug] [2021-09-20T13:12:09.236Z] <<< [apiv2][status] GET https://cloudfunctions.googleapis.com/v1/operations/ZHJlYW13aGVlbHNsYS91cy1jZW50cmFsMS9zZW5kQ29udGFjdEZvcm0vSnlOSmg4ZmVrcnM 200
[debug] [2021-09-20T13:12:09.236Z] <<< [apiv2][body] GET https://cloudfunctions.googleapis.com/v1/operations/ZHJlYW13aGVlbHNsYS91cy1jZW50cmFsMS9zZW5kQ29udGFjdEZvcm0vSnlOSmg4ZmVrcnM {"name":"operations/ZHJlYW13aGVlbHNsYS91cy1jZW50cmFsMS9zZW5kQ29udGFjdEZvcm0vSnlOSmg4ZmVrcnM","metadata":{"@type":"type.googleapis.com/google.cloud.functions.v1.OperationMetadataV1","target":"projects/dreamwheelsla/locations/us-central1/functions/sendContactForm","type":"UPDATE_FUNCTION","request":{"@type":"type.googleapis.com/google.cloud.functions.v1.CloudFunction","name":"projects/dreamwheelsla/locations/us-central1/functions/sendContactForm","httpsTrigger":{},"status":"ACTIVE","entryPoint":"sendContactForm","timeout":"60s","availableMemoryMb":256,"serviceAccountEmail":"dreamwheelsla@appspot.gserviceaccount.com","updateTime":"2021-09-20T08:22:14.885Z","versionId":"4","labels":{"deployment-tool":"cli-firebase"},"sourceUploadUrl":"https://storage.googleapis.com/gcf-upload-us-central1-92339d42-ae8d-444a-b6d6-81bc81dc09cc/fcbbde90-0c36-4765-8b75-f77aa6f76bab.zip?GoogleAccessId=service-112523600434@gcf-admin-robot.iam.gserviceaccount.com&Expires=1632145321&Signature=WRDKnf2lHkCHc%2BIIfiNz3KBR9OiBGU4w84ZkCqM3nueOQaSbiGv0lWGG6dgrHZCRSoK2ZwRg%2BBLIufE5Uv9AMAZi7B4%2Bta08XkalPCf3G5LowmySkeV%2FUiG4Ub4nSgYjy4G3bHvkwGYb1jX24LQrLKg9azpvnshsVvFZ9%2BMPL7DW0NXkhBq5kvJKdf1hw%2BTBliWS%2FbbE4RxZF9sZfYAYm8hxyNEVDAuk%2F0wZuF64v%2BymqONRxO1J%2FASTBrYZzAit4afdBT1Rxcn7ygYR2F44zKFpnNfL2eQ%2FGkXyN8hT8XcSkzxgBYcahedhzZ%2Bmq%2F8SFQ6MUnvYnP%2BRAyz8iRYVMw%3D%3D","environmentVariables":{"FIREBASE_CONFIG":"{\"projectId\":\"dreamwheelsla\",\"storageBucket\":\"dreamwheelsla.appspot.com\"}"},"runtime":"nodejs12","ingressSettings":"ALLOW_ALL","buildId":"44859023-11f8-431a-ac3d-c1cbe507e43e","buildName":"projects/112523600434/locations/us-central1/builds/44859023-11f8-431a-ac3d-c1cbe507e43e"},"versionId":"5","updateTime":"2021-09-20T13:12:07Z","buildId":"59e81fc1-35c8-4522-861c-b899042bbf25","buildName":"projects/112523600434/locations/us-central1/builds/59e81fc1-35c8-4522-861c-b899042bbf25"}}
[debug] [2021-09-20T13:12:11.244Z] [update-projects/dreamwheelsla/locations/us-central1/functions/sendContactForm] Retrying task index 0
[debug] [2021-09-20T13:12:11.245Z] >>> [apiv2][query] GET https://cloudfunctions.googleapis.com/v1/operations/ZHJlYW13aGVlbHNsYS91cy1jZW50cmFsMS9zZW5kQ29udGFjdEZvcm0vSnlOSmg4ZmVrcnM [none]
[debug] [2021-09-20T13:12:11.551Z] <<< [apiv2][status] GET https://cloudfunctions.googleapis.com/v1/operations/ZHJlYW13aGVlbHNsYS91cy1jZW50cmFsMS9zZW5kQ29udGFjdEZvcm0vSnlOSmg4ZmVrcnM 200
[debug] [2021-09-20T13:12:11.551Z] <<< [apiv2][body] GET https://cloudfunctions.googleapis.com/v1/operations/ZHJlYW13aGVlbHNsYS91cy1jZW50cmFsMS9zZW5kQ29udGFjdEZvcm0vSnlOSmg4ZmVrcnM {"name":"operations/ZHJlYW13aGVlbHNsYS91cy1jZW50cmFsMS9zZW5kQ29udGFjdEZvcm0vSnlOSmg4ZmVrcnM","metadata":{"@type":"type.googleapis.com/google.cloud.functions.v1.OperationMetadataV1","target":"projects/dreamwheelsla/locations/us-central1/functions/sendContactForm","type":"UPDATE_FUNCTION","request":{"@type":"type.googleapis.com/google.cloud.functions.v1.CloudFunction","name":"projects/dreamwheelsla/locations/us-central1/functions/sendContactForm","httpsTrigger":{},"status":"ACTIVE","entryPoint":"sendContactForm","timeout":"60s","availableMemoryMb":256,"serviceAccountEmail":"dreamwheelsla@appspot.gserviceaccount.com","updateTime":"2021-09-20T08:22:14.885Z","versionId":"4","labels":{"deployment-tool":"cli-firebase"},"sourceUploadUrl":"https://storage.googleapis.com/gcf-upload-us-central1-92339d42-ae8d-444a-b6d6-81bc81dc09cc/fcbbde90-0c36-4765-8b75-f77aa6f76bab.zip?GoogleAccessId=service-112523600434@gcf-admin-robot.iam.gserviceaccount.com&Expires=1632145321&Signature=WRDKnf2lHkCHc%2BIIfiNz3KBR9OiBGU4w84ZkCqM3nueOQaSbiGv0lWGG6dgrHZCRSoK2ZwRg%2BBLIufE5Uv9AMAZi7B4%2Bta08XkalPCf3G5LowmySkeV%2FUiG4Ub4nSgYjy4G3bHvkwGYb1jX24LQrLKg9azpvnshsVvFZ9%2BMPL7DW0NXkhBq5kvJKdf1hw%2BTBliWS%2FbbE4RxZF9sZfYAYm8hxyNEVDAuk%2F0wZuF64v%2BymqONRxO1J%2FASTBrYZzAit4afdBT1Rxcn7ygYR2F44zKFpnNfL2eQ%2FGkXyN8hT8XcSkzxgBYcahedhzZ%2Bmq%2F8SFQ6MUnvYnP%2BRAyz8iRYVMw%3D%3D","environmentVariables":{"FIREBASE_CONFIG":"{\"projectId\":\"dreamwheelsla\",\"storageBucket\":\"dreamwheelsla.appspot.com\"}"},"runtime":"nodejs12","ingressSettings":"ALLOW_ALL","buildId":"44859023-11f8-431a-ac3d-c1cbe507e43e","buildName":"projects/112523600434/locations/us-central1/builds/44859023-11f8-431a-ac3d-c1cbe507e43e"},"versionId":"5","updateTime":"2021-09-20T13:12:07Z","buildId":"59e81fc1-35c8-4522-861c-b899042bbf25","buildName":"projects/112523600434/locations/us-central1/builds/59e81fc1-35c8-4522-861c-b899042bbf25"}}
[debug] [2021-09-20T13:12:15.554Z] [update-projects/dreamwheelsla/locations/us-central1/functions/sendContactForm] Retrying task index 0
[debug] [2021-09-20T13:12:15.555Z] >>> [apiv2][query] GET https://cloudfunctions.googleapis.com/v1/operations/ZHJlYW13aGVlbHNsYS91cy1jZW50cmFsMS9zZW5kQ29udGFjdEZvcm0vSnlOSmg4ZmVrcnM [none]
[debug] [2021-09-20T13:12:15.835Z] <<< [apiv2][status] GET https://cloudfunctions.googleapis.com/v1/operations/ZHJlYW13aGVlbHNsYS91cy1jZW50cmFsMS9zZW5kQ29udGFjdEZvcm0vSnlOSmg4ZmVrcnM 200
[debug] [2021-09-20T13:12:15.835Z] <<< [apiv2][body] GET https://cloudfunctions.googleapis.com/v1/operations/ZHJlYW13aGVlbHNsYS91cy1jZW50cmFsMS9zZW5kQ29udGFjdEZvcm0vSnlOSmg4ZmVrcnM {"name":"operations/ZHJlYW13aGVlbHNsYS91cy1jZW50cmFsMS9zZW5kQ29udGFjdEZvcm0vSnlOSmg4ZmVrcnM","metadata":{"@type":"type.googleapis.com/google.cloud.functions.v1.OperationMetadataV1","target":"projects/dreamwheelsla/locations/us-central1/functions/sendContactForm","type":"UPDATE_FUNCTION","request":{"@type":"type.googleapis.com/google.cloud.functions.v1.CloudFunction","name":"projects/dreamwheelsla/locations/us-central1/functions/sendContactForm","httpsTrigger":{},"status":"ACTIVE","entryPoint":"sendContactForm","timeout":"60s","availableMemoryMb":256,"serviceAccountEmail":"dreamwheelsla@appspot.gserviceaccount.com","updateTime":"2021-09-20T08:22:14.885Z","versionId":"4","labels":{"deployment-tool":"cli-firebase"},"sourceUploadUrl":"https://storage.googleapis.com/gcf-upload-us-central1-92339d42-ae8d-444a-b6d6-81bc81dc09cc/fcbbde90-0c36-4765-8b75-f77aa6f76bab.zip?GoogleAccessId=service-112523600434@gcf-admin-robot.iam.gserviceaccount.com&Expires=1632145321&Signature=WRDKnf2lHkCHc%2BIIfiNz3KBR9OiBGU4w84ZkCqM3nueOQaSbiGv0lWGG6dgrHZCRSoK2ZwRg%2BBLIufE5Uv9AMAZi7B4%2Bta08XkalPCf3G5LowmySkeV%2FUiG4Ub4nSgYjy4G3bHvkwGYb1jX24LQrLKg9azpvnshsVvFZ9%2BMPL7DW0NXkhBq5kvJKdf1hw%2BTBliWS%2FbbE4RxZF9sZfYAYm8hxyNEVDAuk%2F0wZuF64v%2BymqONRxO1J%2FASTBrYZzAit4afdBT1Rxcn7ygYR2F44zKFpnNfL2eQ%2FGkXyN8hT8XcSkzxgBYcahedhzZ%2Bmq%2F8SFQ6MUnvYnP%2BRAyz8iRYVMw%3D%3D","environmentVariables":{"FIREBASE_CONFIG":"{\"projectId\":\"dreamwheelsla\",\"storageBucket\":\"dreamwheelsla.appspot.com\"}"},"runtime":"nodejs12","ingressSettings":"ALLOW_ALL","buildId":"44859023-11f8-431a-ac3d-c1cbe507e43e","buildName":"projects/112523600434/locations/us-central1/builds/44859023-11f8-431a-ac3d-c1cbe507e43e"},"versionId":"5","updateTime":"2021-09-20T13:12:07Z","buildId":"59e81fc1-35c8-4522-861c-b899042bbf25","buildName":"projects/112523600434/locations/us-central1/builds/59e81fc1-35c8-4522-861c-b899042bbf25"}}
